#-----------------------------------------------------------
# Vivado v2024.2 (64-bit)
# SW Build 5239630 on Fri Nov 08 22:34:34 MST 2024
# IP Build 5239520 on Sun Nov 10 16:12:51 MST 2024
# SharedData Build 5239561 on Fri Nov 08 14:39:27 MST 2024
# Start of session at: Mon May 12 16:21:29 2025
# Process ID         : 4613
# Current directory  : /home/clem/Documents/GitHub/Kompilator
# Command line       : vivado
# Log file           : /home/clem/Documents/GitHub/Kompilator/vivado.log
# Journal file       : /home/clem/Documents/GitHub/Kompilator/vivado.jou
# Running On         : maskass
# Platform           : Debian
# Operating System   : Debian GNU/Linux 12 (bookworm)
# Processor Detail   : 12th Gen Intel(R) Core(TM) i5-1235U
# CPU Frequency      : 2010.284 MHz
# CPU Physical cores : 10
# CPU Logical cores  : 12
# Host memory        : 8005 MB
# Swap memory        : 1023 MB
# Total Virtual      : 9029 MB
# Available Virtual  : 5478 MB
#-----------------------------------------------------------
start_gui
open_project /home/clem/Documents/GitHub/Kompilator/u_controleur/ALUME/ALUME.xpr
INFO: [filemgmt 56-3] Default IP Output Path : Could not find the directory '/home/clem/Documents/GitHub/Kompilator/u_controleur/ALUME/ALUME.gen/sources_1'.
Scanning sources...
Finished scanning sources
INFO: [IP_Flow 19-234] Refreshing IP repositories
INFO: [IP_Flow 19-1704] No user IP repositories specified
INFO: [IP_Flow 19-2313] Loaded Vivado IP repository '/home/clem/Xilinx/Vivado/2024.2/data/ip'.
update_compile_order -fileset sources_1
WARNING: [filemgmt 56-199] Attempt to get parsing info during refresh. "On-the-fly" syntax checking information may be incorrect. [/home/clem/Documents/GitHub/Kompilator/u_controleur/ALUME/ALUME.srcs/sources_1/new/banc_instructions.vhd:]
WARNING: [filemgmt 56-199] Attempt to get parsing info during refresh. "On-the-fly" syntax checking information may be incorrect. [/home/clem/Documents/GitHub/Kompilator/u_controleur/ALUME/ALUME.srcs/sources_1/new/pipeline.vhd:]
WARNING: [filemgmt 56-199] Attempt to get parsing info during refresh. "On-the-fly" syntax checking information may be incorrect. [/home/clem/Documents/GitHub/Kompilator/u_controleur/ALUME/ALUME.srcs/sources_1/new/pipeline.vhd:]
WARNING: [filemgmt 56-199] Attempt to get parsing info during refresh. "On-the-fly" syntax checking information may be incorrect. [/home/clem/Documents/GitHub/Kompilator/u_controleur/ALUME/ALUME.srcs/sources_1/new/pipeline.vhd:]
launch_simulation
Command: launch_simulation 
INFO: [Vivado 12-12493] Simulation top is 'test_pipeline'
INFO: [Vivado 12-5682] Launching behavioral simulation in '/home/clem/Documents/GitHub/Kompilator/u_controleur/ALUME/ALUME.sim/sim_1/behav/xsim'
INFO: [SIM-utils-51] Simulation object is 'sim_1'
INFO: [SIM-utils-72] Using boost library from '/home/clem/Xilinx/Vivado/2024.2/tps/boost_1_72_0'
INFO: [SIM-utils-54] Inspecting design source files for 'test_pipeline' in fileset 'sim_1'...
INFO: [USF-XSim-97] Finding global include files...
INFO: [USF-XSim-98] Fetching design files from 'sim_1'...
INFO: [USF-XSim-2] XSim::Compile design
INFO: [USF-XSim-61] Executing 'COMPILE and ANALYZE' step in '/home/clem/Documents/GitHub/Kompilator/u_controleur/ALUME/ALUME.sim/sim_1/behav/xsim'
xvhdl --incr --relax -prj test_pipeline_vhdl.prj
Waiting for jobs to finish...
No pending jobs, compilation finished.
INFO: [USF-XSim-69] 'compile' step finished in '1' seconds
INFO: [USF-XSim-3] XSim::Elaborate design
INFO: [USF-XSim-61] Executing 'ELABORATE' step in '/home/clem/Documents/GitHub/Kompilator/u_controleur/ALUME/ALUME.sim/sim_1/behav/xsim'
xelab --incr --debug typical --relax --mt 8 -L xil_defaultlib -L secureip --snapshot test_pipeline_behav xil_defaultlib.test_pipeline -log elaborate.log
Vivado Simulator v2024.2.0
Copyright 1986-2022 Xilinx, Inc. All Rights Reserved.
Copyright 2022-2024 Advanced Micro Devices, Inc. All Rights Reserved.
Running: /home/clem/Xilinx/Vivado/2024.2/bin/unwrapped/lnx64.o/xelab --incr --debug typical --relax --mt 8 -L xil_defaultlib -L secureip --snapshot test_pipeline_behav xil_defaultlib.test_pipeline -log elaborate.log 
Using 8 slave threads.
Starting static elaboration
WARNING: [VRFC 10-4940] 'pipeline' remains a black box since it has no binding entity [/home/clem/Documents/GitHub/Kompilator/u_controleur/ALUME/ALUME.srcs/sim_1/new/test_pipeline.vhd:86]
Completed static elaboration
INFO: [XSIM 43-4323] No Change in HDL. Linking previously generated obj files to create kernel
INFO: [USF-XSim-69] 'elaborate' step finished in '1' seconds
INFO: [USF-XSim-4] XSim::Simulate design
INFO: [USF-XSim-61] Executing 'SIMULATE' step in '/home/clem/Documents/GitHub/Kompilator/u_controleur/ALUME/ALUME.sim/sim_1/behav/xsim'
INFO: [USF-XSim-98] *** Running xsim
   with args "test_pipeline_behav -key {Behavioral:sim_1:Functional:test_pipeline} -tclbatch {test_pipeline.tcl} -log {simulate.log}"
INFO: [USF-XSim-8] Loading simulator feature
Time resolution is 1 ps
source test_pipeline.tcl
# set curr_wave [current_wave_config]
# if { [string length $curr_wave] == 0 } {
#   if { [llength [get_objects]] > 0} {
#     add_wave /
#     set_property needs_save false [current_wave_config]
#   } else {
#      send_msg_id Add_Wave-1 WARNING "No top level signals found. Simulator will start without a wave window. If you want to open a wave window go to 'File->New Waveform Configuration' or type 'create_wave_config' in the TCL console."
#   }
# }
# run 1000ns
INFO: [USF-XSim-96] XSim completed. Design snapshot 'test_pipeline_behav' loaded.
INFO: [USF-XSim-97] XSim simulation ran for 1000ns
launch_simulation: Time (s): cpu = 00:00:07 ; elapsed = 00:00:05 . Memory (MB): peak = 7821.191 ; gain = 52.133 ; free physical = 185 ; free virtual = 4439
close_sim
INFO: [Simtcl 6-16] Simulation closed
WARNING: [filemgmt 56-199] Attempt to get parsing info during refresh. "On-the-fly" syntax checking information may be incorrect. [/home/clem/Documents/GitHub/Kompilator/u_controleur/ALUME/ALUME.srcs/sim_1/new/test_pipeline.vhd:]
WARNING: [filemgmt 56-199] Attempt to get parsing info during refresh. "On-the-fly" syntax checking information may be incorrect. [/home/clem/Documents/GitHub/Kompilator/u_controleur/ALUME/ALUME.srcs/sources_1/new/banc_instructions.vhd:]
WARNING: [filemgmt 56-199] Attempt to get parsing info during refresh. "On-the-fly" syntax checking information may be incorrect. [/home/clem/Documents/GitHub/Kompilator/u_controleur/ALUME/ALUME.srcs/sources_1/new/pipeline.vhd:]
WARNING: [filemgmt 56-199] Attempt to get parsing info during refresh. "On-the-fly" syntax checking information may be incorrect. [/home/clem/Documents/GitHub/Kompilator/u_controleur/ALUME/ALUME.srcs/sources_1/new/banc_instructions.vhd:]
WARNING: [filemgmt 56-199] Attempt to get parsing info during refresh. "On-the-fly" syntax checking information may be incorrect. [/home/clem/Documents/GitHub/Kompilator/u_controleur/ALUME/ALUME.srcs/sources_1/new/banc_instructions.vhd:]
WARNING: [filemgmt 56-199] Attempt to get parsing info during refresh. "On-the-fly" syntax checking information may be incorrect. [/home/clem/Documents/GitHub/Kompilator/u_controleur/ALUME/ALUME.srcs/sim_1/new/test_pipeline.vhd:]
WARNING: [filemgmt 56-199] Attempt to get parsing info during refresh. "On-the-fly" syntax checking information may be incorrect. [/home/clem/Documents/GitHub/Kompilator/u_controleur/ALUME/ALUME.srcs/sources_1/new/banc_instructions.vhd:]
WARNING: [filemgmt 56-199] Attempt to get parsing info during refresh. "On-the-fly" syntax checking information may be incorrect. [/home/clem/Documents/GitHub/Kompilator/u_controleur/ALUME/ALUME.srcs/sources_1/new/pipeline.vhd:]
WARNING: [filemgmt 56-199] Attempt to get parsing info during refresh. "On-the-fly" syntax checking information may be incorrect. [/home/clem/Documents/GitHub/Kompilator/u_controleur/ALUME/ALUME.srcs/sim_1/new/test_pipeline.vhd:]
WARNING: [filemgmt 56-199] Attempt to get parsing info during refresh. "On-the-fly" syntax checking information may be incorrect. [/home/clem/Documents/GitHub/Kompilator/u_controleur/ALUME/ALUME.srcs/sim_1/new/test_pipeline.vhd:]
launch_simulation
Command: launch_simulation 
INFO: [Vivado 12-12493] Simulation top is 'test_pipeline'
INFO: [Vivado 12-5682] Launching behavioral simulation in '/home/clem/Documents/GitHub/Kompilator/u_controleur/ALUME/ALUME.sim/sim_1/behav/xsim'
INFO: [SIM-utils-51] Simulation object is 'sim_1'
INFO: [SIM-utils-72] Using boost library from '/home/clem/Xilinx/Vivado/2024.2/tps/boost_1_72_0'
INFO: [SIM-utils-54] Inspecting design source files for 'test_pipeline' in fileset 'sim_1'...
INFO: [USF-XSim-97] Finding global include files...
INFO: [USF-XSim-98] Fetching design files from 'sim_1'...
INFO: [USF-XSim-2] XSim::Compile design
INFO: [USF-XSim-61] Executing 'COMPILE and ANALYZE' step in '/home/clem/Documents/GitHub/Kompilator/u_controleur/ALUME/ALUME.sim/sim_1/behav/xsim'
xvhdl --incr --relax -prj test_pipeline_vhdl.prj
INFO: [VRFC 10-163] Analyzing VHDL file "/home/clem/Documents/GitHub/Kompilator/u_controleur/ALUME/ALUME.srcs/sources_1/new/pipeline.vhd" into library xil_defaultlib
INFO: [VRFC 10-3107] analyzing entity 'pipeline'
ERROR: [VRFC 10-1491] unexpected EOF [/home/clem/Documents/GitHub/Kompilator/u_controleur/ALUME/ALUME.srcs/sources_1/new/pipeline.vhd:248]
INFO: [VRFC 10-8704] VHDL file '/home/clem/Documents/GitHub/Kompilator/u_controleur/ALUME/ALUME.srcs/sources_1/new/pipeline.vhd' is ignored due to errors
INFO: [USF-XSim-69] 'compile' step finished in '1' seconds
INFO: [USF-XSim-99] Step results log file:'/home/clem/Documents/GitHub/Kompilator/u_controleur/ALUME/ALUME.sim/sim_1/behav/xsim/xvhdl.log'
ERROR: [USF-XSim-62] 'compile' step failed with error(s). Please check the Tcl console output or '/home/clem/Documents/GitHub/Kompilator/u_controleur/ALUME/ALUME.sim/sim_1/behav/xsim/xvhdl.log' file for more information.
ERROR: [Vivado 12-4473] Detected error while running simulation. Please correct the issue and retry this operation.
ERROR: [Common 17-39] 'launch_simulation' failed due to earlier errors.
WARNING: [filemgmt 56-199] Attempt to get parsing info during refresh. "On-the-fly" syntax checking information may be incorrect. [/home/clem/Documents/GitHub/Kompilator/u_controleur/ALUME/ALUME.srcs/sim_1/new/test_pipeline.vhd:]
WARNING: [filemgmt 56-199] Attempt to get parsing info during refresh. "On-the-fly" syntax checking information may be incorrect. [/home/clem/Documents/GitHub/Kompilator/u_controleur/ALUME/ALUME.srcs/sources_1/new/banc_instructions.vhd:]
WARNING: [filemgmt 56-199] Attempt to get parsing info during refresh. "On-the-fly" syntax checking information may be incorrect. [/home/clem/Documents/GitHub/Kompilator/u_controleur/ALUME/ALUME.srcs/sources_1/new/pipeline.vhd:]
WARNING: [filemgmt 56-199] Attempt to get parsing info during refresh. "On-the-fly" syntax checking information may be incorrect. [/home/clem/Documents/GitHub/Kompilator/u_controleur/ALUME/ALUME.srcs/sources_1/new/banc_instructions.vhd:]
WARNING: [filemgmt 56-199] Attempt to get parsing info during refresh. "On-the-fly" syntax checking information may be incorrect. [/home/clem/Documents/GitHub/Kompilator/u_controleur/ALUME/ALUME.srcs/sources_1/new/banc_instructions.vhd:]
WARNING: [filemgmt 56-199] Attempt to get parsing info during refresh. "On-the-fly" syntax checking information may be incorrect. [/home/clem/Documents/GitHub/Kompilator/u_controleur/ALUME/ALUME.srcs/sim_1/new/test_pipeline.vhd:]
WARNING: [filemgmt 56-199] Attempt to get parsing info during refresh. "On-the-fly" syntax checking information may be incorrect. [/home/clem/Documents/GitHub/Kompilator/u_controleur/ALUME/ALUME.srcs/sources_1/new/banc_instructions.vhd:]
WARNING: [filemgmt 56-199] Attempt to get parsing info during refresh. "On-the-fly" syntax checking information may be incorrect. [/home/clem/Documents/GitHub/Kompilator/u_controleur/ALUME/ALUME.srcs/sources_1/new/pipeline.vhd:]
WARNING: [filemgmt 56-199] Attempt to get parsing info during refresh. "On-the-fly" syntax checking information may be incorrect. [/home/clem/Documents/GitHub/Kompilator/u_controleur/ALUME/ALUME.srcs/sim_1/new/test_pipeline.vhd:]
WARNING: [filemgmt 56-199] Attempt to get parsing info during refresh. "On-the-fly" syntax checking information may be incorrect. [/home/clem/Documents/GitHub/Kompilator/u_controleur/ALUME/ALUME.srcs/sim_1/new/test_pipeline.vhd:]
launch_simulation
Command: launch_simulation 
INFO: [Vivado 12-12493] Simulation top is 'test_pipeline'
INFO: [Vivado 12-5682] Launching behavioral simulation in '/home/clem/Documents/GitHub/Kompilator/u_controleur/ALUME/ALUME.sim/sim_1/behav/xsim'
INFO: [SIM-utils-51] Simulation object is 'sim_1'
INFO: [SIM-utils-72] Using boost library from '/home/clem/Xilinx/Vivado/2024.2/tps/boost_1_72_0'
INFO: [SIM-utils-54] Inspecting design source files for 'test_pipeline' in fileset 'sim_1'...
INFO: [USF-XSim-97] Finding global include files...
INFO: [USF-XSim-98] Fetching design files from 'sim_1'...
INFO: [USF-XSim-2] XSim::Compile design
INFO: [USF-XSim-61] Executing 'COMPILE and ANALYZE' step in '/home/clem/Documents/GitHub/Kompilator/u_controleur/ALUME/ALUME.sim/sim_1/behav/xsim'
xvhdl --incr --relax -prj test_pipeline_vhdl.prj
INFO: [VRFC 10-163] Analyzing VHDL file "/home/clem/Documents/GitHub/Kompilator/u_controleur/ALUME/ALUME.srcs/sources_1/new/pipeline.vhd" into library xil_defaultlib
INFO: [VRFC 10-3107] analyzing entity 'pipeline'
ERROR: [VRFC 10-1491] unexpected EOF [/home/clem/Documents/GitHub/Kompilator/u_controleur/ALUME/ALUME.srcs/sources_1/new/pipeline.vhd:227]
INFO: [VRFC 10-8704] VHDL file '/home/clem/Documents/GitHub/Kompilator/u_controleur/ALUME/ALUME.srcs/sources_1/new/pipeline.vhd' is ignored due to errors
INFO: [USF-XSim-69] 'compile' step finished in '1' seconds
INFO: [USF-XSim-99] Step results log file:'/home/clem/Documents/GitHub/Kompilator/u_controleur/ALUME/ALUME.sim/sim_1/behav/xsim/xvhdl.log'
ERROR: [USF-XSim-62] 'compile' step failed with error(s). Please check the Tcl console output or '/home/clem/Documents/GitHub/Kompilator/u_controleur/ALUME/ALUME.sim/sim_1/behav/xsim/xvhdl.log' file for more information.
ERROR: [Vivado 12-4473] Detected error while running simulation. Please correct the issue and retry this operation.
ERROR: [Common 17-39] 'launch_simulation' failed due to earlier errors.
WARNING: [filemgmt 56-199] Attempt to get parsing info during refresh. "On-the-fly" syntax checking information may be incorrect. [/home/clem/Documents/GitHub/Kompilator/u_controleur/ALUME/ALUME.srcs/sim_1/new/test_pipeline.vhd:]
WARNING: [filemgmt 56-199] Attempt to get parsing info during refresh. "On-the-fly" syntax checking information may be incorrect. [/home/clem/Documents/GitHub/Kompilator/u_controleur/ALUME/ALUME.srcs/sources_1/new/banc_instructions.vhd:]
WARNING: [filemgmt 56-199] Attempt to get parsing info during refresh. "On-the-fly" syntax checking information may be incorrect. [/home/clem/Documents/GitHub/Kompilator/u_controleur/ALUME/ALUME.srcs/sources_1/new/pipeline.vhd:]
WARNING: [filemgmt 56-199] Attempt to get parsing info during refresh. "On-the-fly" syntax checking information may be incorrect. [/home/clem/Documents/GitHub/Kompilator/u_controleur/ALUME/ALUME.srcs/sources_1/new/banc_instructions.vhd:]
WARNING: [filemgmt 56-199] Attempt to get parsing info during refresh. "On-the-fly" syntax checking information may be incorrect. [/home/clem/Documents/GitHub/Kompilator/u_controleur/ALUME/ALUME.srcs/sources_1/new/banc_instructions.vhd:]
WARNING: [filemgmt 56-199] Attempt to get parsing info during refresh. "On-the-fly" syntax checking information may be incorrect. [/home/clem/Documents/GitHub/Kompilator/u_controleur/ALUME/ALUME.srcs/sim_1/new/test_pipeline.vhd:]
WARNING: [filemgmt 56-199] Attempt to get parsing info during refresh. "On-the-fly" syntax checking information may be incorrect. [/home/clem/Documents/GitHub/Kompilator/u_controleur/ALUME/ALUME.srcs/sources_1/new/banc_instructions.vhd:]
WARNING: [filemgmt 56-199] Attempt to get parsing info during refresh. "On-the-fly" syntax checking information may be incorrect. [/home/clem/Documents/GitHub/Kompilator/u_controleur/ALUME/ALUME.srcs/sources_1/new/pipeline.vhd:]
WARNING: [filemgmt 56-199] Attempt to get parsing info during refresh. "On-the-fly" syntax checking information may be incorrect. [/home/clem/Documents/GitHub/Kompilator/u_controleur/ALUME/ALUME.srcs/sim_1/new/test_pipeline.vhd:]
WARNING: [filemgmt 56-199] Attempt to get parsing info during refresh. "On-the-fly" syntax checking information may be incorrect. [/home/clem/Documents/GitHub/Kompilator/u_controleur/ALUME/ALUME.srcs/sim_1/new/test_pipeline.vhd:]
launch_simulation
Command: launch_simulation 
INFO: [Vivado 12-12493] Simulation top is 'test_pipeline'
INFO: [Vivado 12-5682] Launching behavioral simulation in '/home/clem/Documents/GitHub/Kompilator/u_controleur/ALUME/ALUME.sim/sim_1/behav/xsim'
INFO: [SIM-utils-51] Simulation object is 'sim_1'
INFO: [SIM-utils-72] Using boost library from '/home/clem/Xilinx/Vivado/2024.2/tps/boost_1_72_0'
INFO: [SIM-utils-54] Inspecting design source files for 'test_pipeline' in fileset 'sim_1'...
INFO: [USF-XSim-97] Finding global include files...
INFO: [USF-XSim-98] Fetching design files from 'sim_1'...
INFO: [USF-XSim-2] XSim::Compile design
INFO: [USF-XSim-61] Executing 'COMPILE and ANALYZE' step in '/home/clem/Documents/GitHub/Kompilator/u_controleur/ALUME/ALUME.sim/sim_1/behav/xsim'
xvhdl --incr --relax -prj test_pipeline_vhdl.prj
INFO: [VRFC 10-163] Analyzing VHDL file "/home/clem/Documents/GitHub/Kompilator/u_controleur/ALUME/ALUME.srcs/sources_1/new/pipeline.vhd" into library xil_defaultlib
INFO: [VRFC 10-3107] analyzing entity 'pipeline'
ERROR: [VRFC 10-1491] unexpected EOF [/home/clem/Documents/GitHub/Kompilator/u_controleur/ALUME/ALUME.srcs/sources_1/new/pipeline.vhd:228]
INFO: [VRFC 10-8704] VHDL file '/home/clem/Documents/GitHub/Kompilator/u_controleur/ALUME/ALUME.srcs/sources_1/new/pipeline.vhd' is ignored due to errors
INFO: [USF-XSim-69] 'compile' step finished in '1' seconds
INFO: [USF-XSim-99] Step results log file:'/home/clem/Documents/GitHub/Kompilator/u_controleur/ALUME/ALUME.sim/sim_1/behav/xsim/xvhdl.log'
ERROR: [USF-XSim-62] 'compile' step failed with error(s). Please check the Tcl console output or '/home/clem/Documents/GitHub/Kompilator/u_controleur/ALUME/ALUME.sim/sim_1/behav/xsim/xvhdl.log' file for more information.
ERROR: [Vivado 12-4473] Detected error while running simulation. Please correct the issue and retry this operation.
ERROR: [Common 17-39] 'launch_simulation' failed due to earlier errors.
WARNING: [filemgmt 56-199] Attempt to get parsing info during refresh. "On-the-fly" syntax checking information may be incorrect. [/home/clem/Documents/GitHub/Kompilator/u_controleur/ALUME/ALUME.srcs/sim_1/new/test_pipeline.vhd:]
WARNING: [filemgmt 56-199] Attempt to get parsing info during refresh. "On-the-fly" syntax checking information may be incorrect. [/home/clem/Documents/GitHub/Kompilator/u_controleur/ALUME/ALUME.srcs/sources_1/new/banc_instructions.vhd:]
WARNING: [filemgmt 56-199] Attempt to get parsing info during refresh. "On-the-fly" syntax checking information may be incorrect. [/home/clem/Documents/GitHub/Kompilator/u_controleur/ALUME/ALUME.srcs/sources_1/new/pipeline.vhd:]
WARNING: [filemgmt 56-199] Attempt to get parsing info during refresh. "On-the-fly" syntax checking information may be incorrect. [/home/clem/Documents/GitHub/Kompilator/u_controleur/ALUME/ALUME.srcs/sources_1/new/pipeline.vhd:]
WARNING: [filemgmt 56-199] Attempt to get parsing info during refresh. "On-the-fly" syntax checking information may be incorrect. [/home/clem/Documents/GitHub/Kompilator/u_controleur/ALUME/ALUME.srcs/sources_1/new/pipeline.vhd:]
WARNING: [filemgmt 56-199] Attempt to get parsing info during refresh. "On-the-fly" syntax checking information may be incorrect. [/home/clem/Documents/GitHub/Kompilator/u_controleur/ALUME/ALUME.srcs/sim_1/new/test_pipeline.vhd:]
WARNING: [filemgmt 56-199] Attempt to get parsing info during refresh. "On-the-fly" syntax checking information may be incorrect. [/home/clem/Documents/GitHub/Kompilator/u_controleur/ALUME/ALUME.srcs/sources_1/new/banc_instructions.vhd:]
WARNING: [filemgmt 56-199] Attempt to get parsing info during refresh. "On-the-fly" syntax checking information may be incorrect. [/home/clem/Documents/GitHub/Kompilator/u_controleur/ALUME/ALUME.srcs/sources_1/new/pipeline.vhd:]
WARNING: [filemgmt 56-199] Attempt to get parsing info during refresh. "On-the-fly" syntax checking information may be incorrect. [/home/clem/Documents/GitHub/Kompilator/u_controleur/ALUME/ALUME.srcs/sim_1/new/test_pipeline.vhd:]
WARNING: [filemgmt 56-199] Attempt to get parsing info during refresh. "On-the-fly" syntax checking information may be incorrect. [/home/clem/Documents/GitHub/Kompilator/u_controleur/ALUME/ALUME.srcs/sim_1/new/test_pipeline.vhd:]
WARNING: [filemgmt 56-199] Attempt to get parsing info during refresh. "On-the-fly" syntax checking information may be incorrect. [/home/clem/Documents/GitHub/Kompilator/u_controleur/ALUME/ALUME.srcs/sim_1/new/test_pipeline.vhd:]
WARNING: [filemgmt 56-199] Attempt to get parsing info during refresh. "On-the-fly" syntax checking information may be incorrect. [/home/clem/Documents/GitHub/Kompilator/u_controleur/ALUME/ALUME.srcs/sources_1/new/banc_instructions.vhd:]
WARNING: [filemgmt 56-199] Attempt to get parsing info during refresh. "On-the-fly" syntax checking information may be incorrect. [/home/clem/Documents/GitHub/Kompilator/u_controleur/ALUME/ALUME.srcs/sources_1/new/pipeline.vhd:]
WARNING: [filemgmt 56-199] Attempt to get parsing info during refresh. "On-the-fly" syntax checking information may be incorrect. [/home/clem/Documents/GitHub/Kompilator/u_controleur/ALUME/ALUME.srcs/sources_1/new/banc_instructions.vhd:]
WARNING: [filemgmt 56-199] Attempt to get parsing info during refresh. "On-the-fly" syntax checking information may be incorrect. [/home/clem/Documents/GitHub/Kompilator/u_controleur/ALUME/ALUME.srcs/sources_1/new/banc_instructions.vhd:]
WARNING: [filemgmt 56-199] Attempt to get parsing info during refresh. "On-the-fly" syntax checking information may be incorrect. [/home/clem/Documents/GitHub/Kompilator/u_controleur/ALUME/ALUME.srcs/sim_1/new/test_pipeline.vhd:]
WARNING: [filemgmt 56-199] Attempt to get parsing info during refresh. "On-the-fly" syntax checking information may be incorrect. [/home/clem/Documents/GitHub/Kompilator/u_controleur/ALUME/ALUME.srcs/sources_1/new/banc_instructions.vhd:]
WARNING: [filemgmt 56-199] Attempt to get parsing info during refresh. "On-the-fly" syntax checking information may be incorrect. [/home/clem/Documents/GitHub/Kompilator/u_controleur/ALUME/ALUME.srcs/sources_1/new/pipeline.vhd:]
WARNING: [filemgmt 56-199] Attempt to get parsing info during refresh. "On-the-fly" syntax checking information may be incorrect. [/home/clem/Documents/GitHub/Kompilator/u_controleur/ALUME/ALUME.srcs/sources_1/new/pipeline.vhd:]
WARNING: [filemgmt 56-199] Attempt to get parsing info during refresh. "On-the-fly" syntax checking information may be incorrect. [/home/clem/Documents/GitHub/Kompilator/u_controleur/ALUME/ALUME.srcs/sources_1/new/pipeline.vhd:]
exit
INFO: [Common 17-206] Exiting Vivado at Mon May 12 17:30:49 2025...
