#-----------------------------------------------------------
# Vivado v2024.2 (64-bit)
# SW Build 5239630 on Fri Nov 08 22:34:34 MST 2024
# IP Build 5239520 on Sun Nov 10 16:12:51 MST 2024
# SharedData Build 5239561 on Fri Nov 08 14:39:27 MST 2024
# Start of session at: Wed May 21 09:37:52 2025
# Process ID         : 4032
# Current directory  : /home/clem/Documents/GitHub/Kompilator
# Command line       : vivado
# Log file           : /home/clem/Documents/GitHub/Kompilator/vivado.log
# Journal file       : /home/clem/Documents/GitHub/Kompilator/vivado.jou
# Running On         : maskass
# Platform           : Debian
# Operating System   : Debian GNU/Linux 12 (bookworm)
# Processor Detail   : 12th Gen Intel(R) Core(TM) i5-1235U
# CPU Frequency      : 2406.407 MHz
# CPU Physical cores : 10
# CPU Logical cores  : 12
# Host memory        : 8005 MB
# Swap memory        : 1023 MB
# Total Virtual      : 9029 MB
# Available Virtual  : 6400 MB
#-----------------------------------------------------------
start_gui
open_project /home/clem/Documents/GitHub/Kompilator/alume/alume.xpr
INFO: [filemgmt 56-3] Default IP Output Path : Could not find the directory '/home/clem/Documents/GitHub/Kompilator/alume/alume.gen/sources_1'.
Scanning sources...
Finished scanning sources
INFO: [IP_Flow 19-234] Refreshing IP repositories
INFO: [IP_Flow 19-1704] No user IP repositories specified
INFO: [IP_Flow 19-2313] Loaded Vivado IP repository '/home/clem/Xilinx/Vivado/2024.2/data/ip'.
update_compile_order -fileset sources_1
add_files -norecurse /home/clem/Documents/GitHub/Kompilator/alume/alume.srcs/sources_1/new/type_Banc.vhd
WARNING: [filemgmt 56-12] File '/home/clem/Documents/GitHub/Kompilator/alume/alume.srcs/sources_1/new/type_Banc.vhd' cannot be added to the project because it already exists in the project, skipping this file
WARNING: [filemgmt 56-199] Attempt to get parsing info during refresh. "On-the-fly" syntax checking information may be incorrect. [/home/clem/Documents/GitHub/Kompilator/alume/alume.srcs/sources_1/new/main.vhd:]
WARNING: [filemgmt 56-199] Attempt to get parsing info during refresh. "On-the-fly" syntax checking information may be incorrect. [/home/clem/Documents/GitHub/Kompilator/alume/alume.srcs/sources_1/new/seven_seg_controller.vhd:]
WARNING: [filemgmt 56-199] Attempt to get parsing info during refresh. "On-the-fly" syntax checking information may be incorrect. [/home/clem/Documents/GitHub/Kompilator/alume/alume.srcs/sources_1/new/seven_seg_controller.vhd:]
WARNING: [filemgmt 56-199] Attempt to get parsing info during refresh. "On-the-fly" syntax checking information may be incorrect. [/home/clem/Documents/GitHub/Kompilator/alume/alume.srcs/sources_1/new/seven_seg_controller.vhd:]
WARNING: [filemgmt 56-199] Attempt to get parsing info during refresh. "On-the-fly" syntax checking information may be incorrect. [/home/clem/Documents/GitHub/Kompilator/alume/alume.srcs/sources_1/new/main.vhd:]
WARNING: [filemgmt 56-199] Attempt to get parsing info during refresh. "On-the-fly" syntax checking information may be incorrect. [/home/clem/Documents/GitHub/Kompilator/alume/alume.srcs/sources_1/new/seven_seg_controller.vhd:]
WARNING: [filemgmt 56-199] Attempt to get parsing info during refresh. "On-the-fly" syntax checking information may be incorrect. [/home/clem/Documents/GitHub/Kompilator/alume/alume.srcs/sources_1/new/seven_seg_controller.vhd:]
WARNING: [filemgmt 56-199] Attempt to get parsing info during refresh. "On-the-fly" syntax checking information may be incorrect. [/home/clem/Documents/GitHub/Kompilator/alume/alume.srcs/sources_1/new/seven_seg_controller.vhd:]
WARNING: [filemgmt 56-199] Attempt to get parsing info during refresh. "On-the-fly" syntax checking information may be incorrect. [/home/clem/Documents/GitHub/Kompilator/alume/alume.srcs/sources_1/new/main.vhd:]
WARNING: [filemgmt 56-199] Attempt to get parsing info during refresh. "On-the-fly" syntax checking information may be incorrect. [/home/clem/Documents/GitHub/Kompilator/alume/alume.srcs/sources_1/new/seven_seg_controller.vhd:]
WARNING: [filemgmt 56-199] Attempt to get parsing info during refresh. "On-the-fly" syntax checking information may be incorrect. [/home/clem/Documents/GitHub/Kompilator/alume/alume.srcs/sources_1/new/main.vhd:]
WARNING: [filemgmt 56-199] Attempt to get parsing info during refresh. "On-the-fly" syntax checking information may be incorrect. [/home/clem/Documents/GitHub/Kompilator/alume/alume.srcs/sources_1/new/main.vhd:]
WARNING: [filemgmt 56-199] Attempt to get parsing info during refresh. "On-the-fly" syntax checking information may be incorrect. [/home/clem/Documents/GitHub/Kompilator/alume/alume.srcs/sources_1/new/main.vhd:]
WARNING: [filemgmt 56-199] Attempt to get parsing info during refresh. "On-the-fly" syntax checking information may be incorrect. [/home/clem/Documents/GitHub/Kompilator/alume/alume.srcs/sources_1/new/seven_seg_controller.vhd:]
WARNING: [filemgmt 56-199] Attempt to get parsing info during refresh. "On-the-fly" syntax checking information may be incorrect. [/home/clem/Documents/GitHub/Kompilator/alume/alume.srcs/sources_1/new/main.vhd:]
WARNING: [filemgmt 56-199] Attempt to get parsing info during refresh. "On-the-fly" syntax checking information may be incorrect. [/home/clem/Documents/GitHub/Kompilator/alume/alume.srcs/sources_1/new/main.vhd:]
