#
# An unexpected error has occurred (6)
#
Stack:
/lib/x86_64-linux-gnu/libc.so.6(+0x3c050) [0x7fe6db65b050]
/lib/x86_64-linux-gnu/libc.so.6(+0x8aeec) [0x7fe6db6a9eec]
/lib/x86_64-linux-gnu/libc.so.6(gsignal+0x12) [0x7fe6db65afb2]
/lib/x86_64-linux-gnu/libc.so.6(abort+0xd3) [0x7fe6db645472]
/lib/x86_64-linux-gnu/libc.so.6(+0x7f42f) [0x7fe6db69e42f]
/lib/x86_64-linux-gnu/libc.so.6(+0x9486a) [0x7fe6db6b386a]
/lib/x86_64-linux-gnu/libc.so.6(realloc+0x314) [0x7fe6db6b8434]
/lib/x86_64-linux-gnu/libudev.so.1(+0x1895c) [0x7fe6d245295c]
/lib/x86_64-linux-gnu/libudev.so.1(+0x1be46) [0x7fe6d2455e46]
/lib/x86_64-linux-gnu/libudev.so.1(+0xca7a) [0x7fe6d2446a7a]
/lib/x86_64-linux-gnu/libudev.so.1(+0x1b970) [0x7fe6d2455970]
/lib/x86_64-linux-gnu/libudev.so.1(+0x112de) [0x7fe6d244b2de]
/lib/x86_64-linux-gnu/libudev.so.1(+0x1162c) [0x7fe6d244b62c]
/lib/x86_64-linux-gnu/libudev.so.1(udev_enumerate_scan_devices+0x20a) [0x7fe6d244c0fa]
/home/clem/Xilinx/Vivado/2024.2/lib/lnx64.o/libXil_lmgr11.so(+0x12e165) [0x7fe6d712e165]
/home/clem/Xilinx/Vivado/2024.2/lib/lnx64.o/libXil_lmgr11.so(xilinxd_52bd866351b78202+0x9) [0x7fe6d712e5e9]
/home/clem/Xilinx/Vivado/2024.2/lib/lnx64.o/libXil_lmgr11.so(+0xdb467) [0x7fe6d70db467]
/home/clem/Xilinx/Vivado/2024.2/lib/lnx64.o/libXil_lmgr11.so(xilinxd_52bd862318b59a70+0x86) [0x7fe6d70db226]
/home/clem/Xilinx/Vivado/2024.2/lib/lnx64.o/libXil_lmgr11.so(+0xc879f) [0x7fe6d70c879f]
/home/clem/Xilinx/Vivado/2024.2/lib/lnx64.o/libXil_lmgr11.so(xilinxd_52bd9e9e1c8e52fb+0x1b) [0x7fe6d70d253b]
/home/clem/Xilinx/Vivado/2024.2/lib/lnx64.o/libXil_lmgr11.so(xilinxd_52bd700d1bd3c616+0x30) [0x7fe6d70d25d0]
/home/clem/Xilinx/Vivado/2024.2/lib/lnx64.o/libxv_commonxillic.so(XilReg::Utils::GetHostInfo[abi:cxx11](XilReg::Utils::HostInfoType, bool) const+0x1a0) [0x7fe6dec659c0]
/home/clem/Xilinx/Vivado/2024.2/lib/lnx64.o/libxv_commonxillic.so(XilReg::Utils::GetHostInfoFormatted[abi:cxx11](XilReg::Utils::HostInfoType, bool) const+0x59) [0x7fe6dec6c179]
/home/clem/Xilinx/Vivado/2024.2/lib/lnx64.o/libxv_commonxillic.so(XilReg::Utils::GetHostInfo[abi:cxx11]() const+0x103) [0x7fe6dec6c433]
/home/clem/Xilinx/Vivado/2024.2/lib/lnx64.o/libxv_commonxillic.so(XilReg::Utils::GetRegInfo(std::__cxx11::basic_string<char, std::char_traits<char>, std::allocator<char> > const&, bool, bool)+0x96) [0x7fe6dec6fca6]
/home/clem/Xilinx/Vivado/2024.2/lib/lnx64.o/libxv_commonxillic.so(XilReg::Utils::GetRegInfoWebTalk(std::__cxx11::basic_string<char, std::char_traits<char>, std::allocator<char> > const&)+0x60) [0x7fe6dec6fed0]
/home/clem/Xilinx/Vivado/2024.2/lib/lnx64.o/libxv_project.so(HAPRWebtalkHelper::getRegistrationId[abi:cxx11]() const+0x3d) [0x7fe6ccee63cd]
/home/clem/Xilinx/Vivado/2024.2/lib/lnx64.o/libxv_project.so(HAPRWebtalkHelper::HAPRWebtalkHelper(HAPRProject*, HAPRDesign*, HWEWebtalkMgr*, std::__cxx11::basic_string<char, std::char_traits<char>, std::allocator<char> > const&)+0x178) [0x7fe6ccee8ac8]
/home/clem/Xilinx/Vivado/2024.2/lib/lnx64.o/libxv_project.so(HAPRDesign::prepAndTransmitWebtalkData(std::__cxx11::basic_string<char, std::char_traits<char>, std::allocator<char> >, bool)+0x68) [0x7fe6ccf4d858]
/home/clem/Xilinx/Vivado/2024.2/lib/lnx64.o/libxv_tcltasks.so(+0x225f895) [0x7fe6d065f895]
/home/clem/Xilinx/Vivado/2024.2/lib/lnx64.o/libxv_tcltasks.so(+0x2261f1f) [0x7fe6d0661f1f]
/home/clem/Xilinx/Vivado/2024.2/lib/lnx64.o/libxv_common.so(+0x911d5a) [0x7fe6dfb11d5a]
/home/clem/Xilinx/Vivado/2024.2/lib/lnx64.o/libtcl8.6.so(TclNRRunCallbacks+0x47) [0x7fe6dc084497]
/home/clem/Xilinx/Vivado/2024.2/lib/lnx64.o/libxv_commontasks.so(+0x47a74e) [0x7fe6d347a74e]
/home/clem/Xilinx/Vivado/2024.2/lib/lnx64.o/libtcl8.6.so(TclNRRunCallbacks+0x47) [0x7fe6dc084497]
/home/clem/Xilinx/Vivado/2024.2/lib/lnx64.o/libtcl8.6.so(+0x45309) [0x7fe6dc086309]
/home/clem/Xilinx/Vivado/2024.2/lib/lnx64.o/libtcl8.6.so(TclSubstTokens+0x4a9) [0x7fe6dc14ed59]
/home/clem/Xilinx/Vivado/2024.2/lib/lnx64.o/libtcl8.6.so(+0x45153) [0x7fe6dc086153]
/home/clem/Xilinx/Vivado/2024.2/lib/lnx64.o/libtcl8.6.so(Tcl_FSEvalFileEx+0x1f8) [0x7fe6dc13bae8]
/home/clem/Xilinx/Vivado/2024.2/lib/lnx64.o/libxv_commontasks.so(+0x495bb5) [0x7fe6d3495bb5]
/home/clem/Xilinx/Vivado/2024.2/lib/lnx64.o/libxv_common.so(+0x911d5a) [0x7fe6dfb11d5a]
/home/clem/Xilinx/Vivado/2024.2/lib/lnx64.o/libtcl8.6.so(TclNRRunCallbacks+0x47) [0x7fe6dc084497]
/home/clem/Xilinx/Vivado/2024.2/lib/lnx64.o/libxv_commontasks.so(+0x46be6d) [0x7fe6d346be6d]
/home/clem/Xilinx/Vivado/2024.2/lib/lnx64.o/libxv_commontasks.so(+0x46d48f) [0x7fe6d346d48f]
/home/clem/Xilinx/Vivado/2024.2/lib/lnx64.o/libxv_common.so(+0x911d5a) [0x7fe6dfb11d5a]
/home/clem/Xilinx/Vivado/2024.2/lib/lnx64.o/libtcl8.6.so(TclNRRunCallbacks+0x47) [0x7fe6dc084497]
/home/clem/Xilinx/Vivado/2024.2/lib/lnx64.o/libxv_commonmain.so(+0xeae2) [0x7fe6e04b8ae2]
/home/clem/Xilinx/Vivado/2024.2/lib/lnx64.o/libtcl8.6.so(Tcl_MainEx+0x1a8) [0x7fe6dc143038]
/home/clem/Xilinx/Vivado/2024.2/lib/lnx64.o/libxv_common.so(+0xb7869e) [0x7fe6dfd7869e]
/lib/x86_64-linux-gnu/libc.so.6(+0x891f5) [0x7fe6db6a81f5]
/lib/x86_64-linux-gnu/libc.so.6(+0x10989c) [0x7fe6db72889c]
