
*** Running vivado
    with args -log main.vdi -applog -m64 -product Vivado -messageDb vivado.pb -mode batch -source main.tcl -notrace


****** Vivado v2024.2 (64-bit)
  **** SW Build 5239630 on Fri Nov 08 22:34:34 MST 2024
  **** IP Build 5239520 on Sun Nov 10 16:12:51 MST 2024
  **** SharedData Build 5239561 on Fri Nov 08 14:39:27 MST 2024
  **** Start of session at: Tue May 20 18:33:43 2025
    ** Copyright 1986-2022 Xilinx, Inc. All Rights Reserved.
    ** Copyright 2022-2024 Advanced Micro Devices, Inc. All Rights Reserved.

source main.tcl -notrace
Command: link_design -top main -part xc7a35tcpg236-1
Design is defaulting to srcset: sources_1
Design is defaulting to constrset: constrs_1
INFO: [Device 21-403] Loading part xc7a35tcpg236-1
Netlist sorting complete. Time (s): cpu = 00:00:00.01 ; elapsed = 00:00:00 . Memory (MB): peak = 1436.191 ; gain = 0.000 ; free physical = 638 ; free virtual = 2423
INFO: [Netlist 29-17] Analyzing 478 Unisim elements for replacement
INFO: [Netlist 29-28] Unisim Transformation completed in 0 CPU seconds
WARNING: [Netlist 29-101] Netlist 'main' is not ideal for floorplanning, since the cellview 'banc_donnees' contains a large number of primitives.  Please consider enabling hierarchy in synthesis if you want to do floorplanning.
INFO: [Project 1-479] Netlist was created with Vivado 2024.2
INFO: [Project 1-570] Preparing netlist for logic optimization
Parsing XDC File [/home/clem/Documents/GitHub/Kompilator/alume/alume.srcs/constrs_1/new/alume.xdc]
Finished Parsing XDC File [/home/clem/Documents/GitHub/Kompilator/alume/alume.srcs/constrs_1/new/alume.xdc]
Parsing XDC File [/home/clem/Documents/GitHub/Kompilator/alume/alume.srcs/constrs_1/new/micro_contraints.xdc]
CRITICAL WARNING: [Vivado 12-1411] Cannot set LOC property of ports, Terminal sw[15] cannot be placed on R2 (IOB_X1Y48) because the pad is already occupied by terminal rst possibly due to user constraint [/home/clem/Documents/GitHub/Kompilator/alume/alume.srcs/constrs_1/new/micro_contraints.xdc:64]
Finished Parsing XDC File [/home/clem/Documents/GitHub/Kompilator/alume/alume.srcs/constrs_1/new/micro_contraints.xdc]
INFO: [Opt 31-138] Pushed 0 inverter(s) to 0 load pin(s).
Netlist sorting complete. Time (s): cpu = 00:00:00 ; elapsed = 00:00:00 . Memory (MB): peak = 1630.969 ; gain = 0.000 ; free physical = 569 ; free virtual = 2354
INFO: [Project 1-111] Unisim Transformation Summary:
No Unisim elements were transformed.

7 Infos, 1 Warnings, 1 Critical Warnings and 0 Errors encountered.
link_design completed successfully
Command: opt_design
Attempting to get a license for feature 'Implementation' and/or device 'xc7a35t'
INFO: [Common 17-349] Got license for feature 'Implementation' and/or device 'xc7a35t'
Running DRC as a precondition to command opt_design

Starting DRC Task
INFO: [DRC 23-27] Running DRC with 8 threads
INFO: [Project 1-461] DRC finished with 0 Errors
INFO: [Project 1-462] Please refer to the DRC report (report_drc) for more information.

Time (s): cpu = 00:00:01 ; elapsed = 00:00:00.4 . Memory (MB): peak = 1738.000 ; gain = 101.094 ; free physical = 477 ; free virtual = 2264

Starting Cache Timing Information Task
INFO: [Timing 38-35] Done setting XDC timing constraints.
Ending Cache Timing Information Task | Checksum: 2e1222c33

Time (s): cpu = 00:00:03 ; elapsed = 00:00:03 . Memory (MB): peak = 2168.922 ; gain = 430.922 ; free physical = 161 ; free virtual = 1916

Starting Logic Optimization Task

Phase 1 Initialization

Phase 1.1 Core Generation And Design Setup
Phase 1.1 Core Generation And Design Setup | Checksum: 2e1222c33

Time (s): cpu = 00:00:00.01 ; elapsed = 00:00:00 . Memory (MB): peak = 2512.812 ; gain = 0.000 ; free physical = 157 ; free virtual = 1584

Phase 1.2 Setup Constraints And Sort Netlist
Phase 1.2 Setup Constraints And Sort Netlist | Checksum: 2e1222c33

Time (s): cpu = 00:00:00.01 ; elapsed = 00:00:00.01 . Memory (MB): peak = 2512.812 ; gain = 0.000 ; free physical = 157 ; free virtual = 1584
Phase 1 Initialization | Checksum: 2e1222c33

Time (s): cpu = 00:00:00.01 ; elapsed = 00:00:00.01 . Memory (MB): peak = 2512.812 ; gain = 0.000 ; free physical = 157 ; free virtual = 1584

Phase 2 Timer Update And Timing Data Collection

Phase 2.1 Timer Update
Phase 2.1 Timer Update | Checksum: 2e1222c33

Time (s): cpu = 00:00:00.08 ; elapsed = 00:00:00.03 . Memory (MB): peak = 2512.812 ; gain = 0.000 ; free physical = 157 ; free virtual = 1584

Phase 2.2 Timing Data Collection
Phase 2.2 Timing Data Collection | Checksum: 2e1222c33

Time (s): cpu = 00:00:00.08 ; elapsed = 00:00:00.04 . Memory (MB): peak = 2512.812 ; gain = 0.000 ; free physical = 157 ; free virtual = 1583
Phase 2 Timer Update And Timing Data Collection | Checksum: 2e1222c33

Time (s): cpu = 00:00:00.08 ; elapsed = 00:00:00.04 . Memory (MB): peak = 2512.812 ; gain = 0.000 ; free physical = 157 ; free virtual = 1583

Phase 3 Retarget
INFO: [Opt 31-1851] Number of loadless carry chains removed were: 0
INFO: [Opt 31-1834] Total Chains To Be Transformed Were: 0 AND Number of Transformed insts Created are: 0
INFO: [Opt 31-138] Pushed 0 inverter(s) to 0 load pin(s).
INFO: [Opt 31-49] Retargeted 0 cell(s).
Phase 3 Retarget | Checksum: 2e1222c33

Time (s): cpu = 00:00:00.1 ; elapsed = 00:00:00.06 . Memory (MB): peak = 2512.812 ; gain = 0.000 ; free physical = 156 ; free virtual = 1583
Retarget | Checksum: 2e1222c33
INFO: [Opt 31-389] Phase Retarget created 0 cells and removed 0 cells

Phase 4 Constant propagation
INFO: [Opt 31-138] Pushed 0 inverter(s) to 0 load pin(s).
Phase 4 Constant propagation | Checksum: 2a533c56d

Time (s): cpu = 00:00:00.11 ; elapsed = 00:00:00.09 . Memory (MB): peak = 2512.812 ; gain = 0.000 ; free physical = 155 ; free virtual = 1583
Constant propagation | Checksum: 2a533c56d
INFO: [Opt 31-389] Phase Constant propagation created 0 cells and removed 0 cells

Phase 5 Sweep
INFO: [Constraints 18-11670] Building netlist checker database with flags, 0x8
Done building netlist checker database: Time (s): cpu = 00:00:00 ; elapsed = 00:00:00 . Memory (MB): peak = 2512.812 ; gain = 0.000 ; free physical = 155 ; free virtual = 1583
Phase 5 Sweep | Checksum: 24ea58332

Time (s): cpu = 00:00:00.12 ; elapsed = 00:00:00.13 . Memory (MB): peak = 2512.812 ; gain = 0.000 ; free physical = 154 ; free virtual = 1583
Sweep | Checksum: 24ea58332
INFO: [Opt 31-389] Phase Sweep created 8 cells and removed 0 cells

Phase 6 BUFG optimization
Phase 6 BUFG optimization | Checksum: 24ea58332

Time (s): cpu = 00:00:00.15 ; elapsed = 00:00:00.14 . Memory (MB): peak = 2544.828 ; gain = 32.016 ; free physical = 153 ; free virtual = 1583
BUFG optimization | Checksum: 24ea58332
INFO: [Opt 31-662] Phase BUFG optimization created 0 cells of which 0 are BUFGs and removed 0 cells.

Phase 7 Shift Register Optimization
INFO: [Opt 31-1064] SRL Remap converted 0 SRLs to 0 registers and converted 0 registers of register chains to 0 SRLs
Phase 7 Shift Register Optimization | Checksum: 24ea58332

Time (s): cpu = 00:00:00.15 ; elapsed = 00:00:00.14 . Memory (MB): peak = 2544.828 ; gain = 32.016 ; free physical = 153 ; free virtual = 1583
Shift Register Optimization | Checksum: 24ea58332
INFO: [Opt 31-389] Phase Shift Register Optimization created 0 cells and removed 0 cells

Phase 8 Post Processing Netlist
Phase 8 Post Processing Netlist | Checksum: 274b61cf9

Time (s): cpu = 00:00:00.16 ; elapsed = 00:00:00.15 . Memory (MB): peak = 2544.828 ; gain = 32.016 ; free physical = 153 ; free virtual = 1582
Post Processing Netlist | Checksum: 274b61cf9
INFO: [Opt 31-389] Phase Post Processing Netlist created 0 cells and removed 0 cells

Phase 9 Finalization

Phase 9.1 Finalizing Design Cores and Updating Shapes
Phase 9.1 Finalizing Design Cores and Updating Shapes | Checksum: 20d3c3204

Time (s): cpu = 00:00:00.21 ; elapsed = 00:00:00.16 . Memory (MB): peak = 2544.828 ; gain = 32.016 ; free physical = 152 ; free virtual = 1582

Phase 9.2 Verifying Netlist Connectivity

Starting Connectivity Check Task

Time (s): cpu = 00:00:00.01 ; elapsed = 00:00:00.01 . Memory (MB): peak = 2544.828 ; gain = 0.000 ; free physical = 152 ; free virtual = 1582
Phase 9.2 Verifying Netlist Connectivity | Checksum: 20d3c3204

Time (s): cpu = 00:00:00.23 ; elapsed = 00:00:00.17 . Memory (MB): peak = 2544.828 ; gain = 32.016 ; free physical = 152 ; free virtual = 1582
Phase 9 Finalization | Checksum: 20d3c3204

Time (s): cpu = 00:00:00.23 ; elapsed = 00:00:00.17 . Memory (MB): peak = 2544.828 ; gain = 32.016 ; free physical = 152 ; free virtual = 1582
Opt_design Change Summary
=========================


-------------------------------------------------------------------------------------------------------------------------
|  Phase                        |  #Cells created  |  #Cells Removed  |  #Constrained objects preventing optimizations  |
-------------------------------------------------------------------------------------------------------------------------
|  Retarget                     |               0  |               0  |                                              0  |
|  Constant propagation         |               0  |               0  |                                              0  |
|  Sweep                        |               8  |               0  |                                              0  |
|  BUFG optimization            |               0  |               0  |                                              0  |
|  Shift Register Optimization  |               0  |               0  |                                              0  |
|  Post Processing Netlist      |               0  |               0  |                                              0  |
-------------------------------------------------------------------------------------------------------------------------


Ending Logic Optimization Task | Checksum: 20d3c3204

Time (s): cpu = 00:00:00.24 ; elapsed = 00:00:00.18 . Memory (MB): peak = 2544.828 ; gain = 32.016 ; free physical = 152 ; free virtual = 1582

Starting Power Optimization Task
INFO: [Pwropt 34-132] Skipping clock gating for clocks with a period < 2.00 ns.
Ending Power Optimization Task | Checksum: 20d3c3204

Time (s): cpu = 00:00:00 ; elapsed = 00:00:00 . Memory (MB): peak = 2544.828 ; gain = 0.000 ; free physical = 150 ; free virtual = 1580

Starting Final Cleanup Task
Ending Final Cleanup Task | Checksum: 20d3c3204

Time (s): cpu = 00:00:00.01 ; elapsed = 00:00:00 . Memory (MB): peak = 2544.828 ; gain = 0.000 ; free physical = 149 ; free virtual = 1580

Starting Netlist Obfuscation Task
Netlist sorting complete. Time (s): cpu = 00:00:00 ; elapsed = 00:00:00.01 . Memory (MB): peak = 2544.828 ; gain = 0.000 ; free physical = 143 ; free virtual = 1574
Ending Netlist Obfuscation Task | Checksum: 20d3c3204

Time (s): cpu = 00:00:00 ; elapsed = 00:00:00.01 . Memory (MB): peak = 2544.828 ; gain = 0.000 ; free physical = 146 ; free virtual = 1577
INFO: [Common 17-83] Releasing license: Implementation
27 Infos, 1 Warnings, 1 Critical Warnings and 0 Errors encountered.
opt_design completed successfully
opt_design: Time (s): cpu = 00:00:06 ; elapsed = 00:00:05 . Memory (MB): peak = 2544.828 ; gain = 907.922 ; free physical = 144 ; free virtual = 1576
INFO: [Vivado 12-24828] Executing command : report_drc -file main_drc_opted.rpt -pb main_drc_opted.pb -rpx main_drc_opted.rpx
Command: report_drc -file main_drc_opted.rpt -pb main_drc_opted.pb -rpx main_drc_opted.rpx
INFO: [IP_Flow 19-234] Refreshing IP repositories
INFO: [IP_Flow 19-1704] No user IP repositories specified
INFO: [IP_Flow 19-2313] Loaded Vivado IP repository '/home/clem/Xilinx/Vivado/2024.2/data/ip'.
INFO: [DRC 23-27] Running DRC with 8 threads
INFO: [Vivado_Tcl 2-168] The results of DRC are in file /home/clem/Documents/GitHub/Kompilator/alume/alume.runs/impl_1/main_drc_opted.rpt.
report_drc completed successfully
INFO: [Timing 38-480] Writing timing data to binary archive.
Write ShapeDB Complete: Time (s): cpu = 00:00:00 ; elapsed = 00:00:00 . Memory (MB): peak = 2544.828 ; gain = 0.000 ; free physical = 129 ; free virtual = 1550
Wrote PlaceDB: Time (s): cpu = 00:00:00.01 ; elapsed = 00:00:00.01 . Memory (MB): peak = 2544.828 ; gain = 0.000 ; free physical = 129 ; free virtual = 1550
Wrote PulsedLatchDB: Time (s): cpu = 00:00:00 ; elapsed = 00:00:00 . Memory (MB): peak = 2544.828 ; gain = 0.000 ; free physical = 129 ; free virtual = 1550
Writing XDEF routing.
Writing XDEF routing logical nets.
Writing XDEF routing special nets.
Wrote RouteStorage: Time (s): cpu = 00:00:00.05 ; elapsed = 00:00:00.02 . Memory (MB): peak = 2544.828 ; gain = 0.000 ; free physical = 127 ; free virtual = 1549
Wrote Netlist Cache: Time (s): cpu = 00:00:00 ; elapsed = 00:00:00 . Memory (MB): peak = 2544.828 ; gain = 0.000 ; free physical = 127 ; free virtual = 1549
Wrote Device Cache: Time (s): cpu = 00:00:00.01 ; elapsed = 00:00:00 . Memory (MB): peak = 2544.828 ; gain = 0.000 ; free physical = 126 ; free virtual = 1549
Write Physdb Complete: Time (s): cpu = 00:00:00.07 ; elapsed = 00:00:00.03 . Memory (MB): peak = 2544.828 ; gain = 0.000 ; free physical = 126 ; free virtual = 1548
INFO: [Common 17-1381] The checkpoint '/home/clem/Documents/GitHub/Kompilator/alume/alume.runs/impl_1/main_opt.dcp' has been generated.
Command: place_design
Attempting to get a license for feature 'Implementation' and/or device 'xc7a35t'
INFO: [Common 17-349] Got license for feature 'Implementation' and/or device 'xc7a35t'
INFO: [Common 17-83] Releasing license: Implementation
INFO: [DRC 23-27] Running DRC with 8 threads
INFO: [Vivado_Tcl 4-198] DRC finished with 0 Errors
INFO: [Vivado_Tcl 4-199] Please refer to the DRC report (report_drc) for more information.
Running DRC as a precondition to command place_design
INFO: [DRC 23-27] Running DRC with 8 threads
INFO: [Vivado_Tcl 4-198] DRC finished with 0 Errors
INFO: [Vivado_Tcl 4-199] Please refer to the DRC report (report_drc) for more information.
INFO: [Place 30-611] Multithreading enabled for place_design using a maximum of 8 CPUs

Starting Placer Task

Phase 1 Placer Initialization

Phase 1.1 Placer Initialization Netlist Sorting
Netlist sorting complete. Time (s): cpu = 00:00:00 ; elapsed = 00:00:00 . Memory (MB): peak = 2571.578 ; gain = 0.000 ; free physical = 133 ; free virtual = 1513
Phase 1.1 Placer Initialization Netlist Sorting | Checksum: 1f1775bb5

Time (s): cpu = 00:00:00 ; elapsed = 00:00:00 . Memory (MB): peak = 2571.578 ; gain = 0.000 ; free physical = 133 ; free virtual = 1513
Netlist sorting complete. Time (s): cpu = 00:00:00 ; elapsed = 00:00:00.01 . Memory (MB): peak = 2571.578 ; gain = 0.000 ; free physical = 133 ; free virtual = 1514

Phase 1.2 IO Placement/ Clock Placement/ Build Placer Device
INFO: [Timing 38-35] Done setting XDC timing constraints.
WARNING: [Place 30-87] Partially locked IO Bus is found. Following components of the IO Bus sw are not locked:  'sw[15]' 
Phase 1.2 IO Placement/ Clock Placement/ Build Placer Device | Checksum: 195d9401c

Time (s): cpu = 00:00:00.63 ; elapsed = 00:00:00.17 . Memory (MB): peak = 2571.578 ; gain = 0.000 ; free physical = 139 ; free virtual = 1505

Phase 1.3 Build Placer Netlist Model
Phase 1.3 Build Placer Netlist Model | Checksum: 1aeea3498

Time (s): cpu = 00:00:00.75 ; elapsed = 00:00:00.23 . Memory (MB): peak = 2571.578 ; gain = 0.000 ; free physical = 138 ; free virtual = 1506

Phase 1.4 Constrain Clocks/Macros
Phase 1.4 Constrain Clocks/Macros | Checksum: 1aeea3498

Time (s): cpu = 00:00:00.76 ; elapsed = 00:00:00.23 . Memory (MB): peak = 2571.578 ; gain = 0.000 ; free physical = 138 ; free virtual = 1506
Phase 1 Placer Initialization | Checksum: 1aeea3498

Time (s): cpu = 00:00:00.76 ; elapsed = 00:00:00.23 . Memory (MB): peak = 2571.578 ; gain = 0.000 ; free physical = 137 ; free virtual = 1505

Phase 2 Global Placement

Phase 2.1 Floorplanning
Phase 2.1 Floorplanning | Checksum: 1aeea3498

Time (s): cpu = 00:00:00.77 ; elapsed = 00:00:00.24 . Memory (MB): peak = 2571.578 ; gain = 0.000 ; free physical = 137 ; free virtual = 1506

Phase 2.2 Update Timing before SLR Path Opt
Phase 2.2 Update Timing before SLR Path Opt | Checksum: 1aeea3498

Time (s): cpu = 00:00:00.77 ; elapsed = 00:00:00.24 . Memory (MB): peak = 2571.578 ; gain = 0.000 ; free physical = 137 ; free virtual = 1506

Phase 2.3 Post-Processing in Floorplanning
Phase 2.3 Post-Processing in Floorplanning | Checksum: 1aeea3498

Time (s): cpu = 00:00:00.77 ; elapsed = 00:00:00.24 . Memory (MB): peak = 2571.578 ; gain = 0.000 ; free physical = 137 ; free virtual = 1506

Phase 2.4 Global Place Phase1
Phase 2.4 Global Place Phase1 | Checksum: 1f13e5c6d

Time (s): cpu = 00:00:04 ; elapsed = 00:00:00.9 . Memory (MB): peak = 2595.590 ; gain = 24.012 ; free physical = 207 ; free virtual = 1481

Phase 2.5 Global Place Phase2
WARNING: [Place 46-29] Timing had been disabled during Placer and, therefore, physical synthesis in Placer will be skipped.
Phase 2.5 Global Place Phase2 | Checksum: 19922309d

Time (s): cpu = 00:00:04 ; elapsed = 00:00:00.97 . Memory (MB): peak = 2595.590 ; gain = 24.012 ; free physical = 205 ; free virtual = 1480
Phase 2 Global Placement | Checksum: 19922309d

Time (s): cpu = 00:00:04 ; elapsed = 00:00:00.97 . Memory (MB): peak = 2595.590 ; gain = 24.012 ; free physical = 205 ; free virtual = 1480

Phase 3 Detail Placement

Phase 3.1 Commit Multi Column Macros
Phase 3.1 Commit Multi Column Macros | Checksum: 19922309d

Time (s): cpu = 00:00:04 ; elapsed = 00:00:00.98 . Memory (MB): peak = 2595.590 ; gain = 24.012 ; free physical = 210 ; free virtual = 1485

Phase 3.2 Commit Most Macros & LUTRAMs
Phase 3.2 Commit Most Macros & LUTRAMs | Checksum: 14728fb63

Time (s): cpu = 00:00:04 ; elapsed = 00:00:01 . Memory (MB): peak = 2595.590 ; gain = 24.012 ; free physical = 210 ; free virtual = 1486

Phase 3.3 Area Swap Optimization
Phase 3.3 Area Swap Optimization | Checksum: 1b1945a54

Time (s): cpu = 00:00:05 ; elapsed = 00:00:01 . Memory (MB): peak = 2595.590 ; gain = 24.012 ; free physical = 204 ; free virtual = 1480

Phase 3.4 Pipeline Register Optimization
Phase 3.4 Pipeline Register Optimization | Checksum: 1b1945a54

Time (s): cpu = 00:00:05 ; elapsed = 00:00:01 . Memory (MB): peak = 2595.590 ; gain = 24.012 ; free physical = 204 ; free virtual = 1480

Phase 3.5 Small Shape Detail Placement
Phase 3.5 Small Shape Detail Placement | Checksum: 251ff3c0f

Time (s): cpu = 00:00:05 ; elapsed = 00:00:01 . Memory (MB): peak = 2595.590 ; gain = 24.012 ; free physical = 198 ; free virtual = 1478

Phase 3.6 Re-assign LUT pins
Phase 3.6 Re-assign LUT pins | Checksum: 251ff3c0f

Time (s): cpu = 00:00:05 ; elapsed = 00:00:01 . Memory (MB): peak = 2595.590 ; gain = 24.012 ; free physical = 198 ; free virtual = 1478

Phase 3.7 Pipeline Register Optimization
Phase 3.7 Pipeline Register Optimization | Checksum: 251ff3c0f

Time (s): cpu = 00:00:05 ; elapsed = 00:00:02 . Memory (MB): peak = 2595.590 ; gain = 24.012 ; free physical = 198 ; free virtual = 1478
Phase 3 Detail Placement | Checksum: 251ff3c0f

Time (s): cpu = 00:00:05 ; elapsed = 00:00:02 . Memory (MB): peak = 2595.590 ; gain = 24.012 ; free physical = 198 ; free virtual = 1478

Phase 4 Post Placement Optimization and Clean-Up

Phase 4.1 Post Commit Optimization
Phase 4.1 Post Commit Optimization | Checksum: 251ff3c0f

Time (s): cpu = 00:00:05 ; elapsed = 00:00:02 . Memory (MB): peak = 2595.590 ; gain = 24.012 ; free physical = 198 ; free virtual = 1478

Phase 4.2 Post Placement Cleanup
Phase 4.2 Post Placement Cleanup | Checksum: 251ff3c0f

Time (s): cpu = 00:00:06 ; elapsed = 00:00:02 . Memory (MB): peak = 2595.590 ; gain = 24.012 ; free physical = 198 ; free virtual = 1478

Phase 4.3 Placer Reporting

Phase 4.3.1 Print Estimated Congestion
INFO: [Place 30-612] Post-Placement Estimated Congestion 
 ____________________________________________________
|           | Global Congestion | Short Congestion  |
| Direction | Region Size       | Region Size       |
|___________|___________________|___________________|
|      North|                1x1|                1x1|
|___________|___________________|___________________|
|      South|                1x1|                1x1|
|___________|___________________|___________________|
|       East|                1x1|                1x1|
|___________|___________________|___________________|
|       West|                1x1|                1x1|
|___________|___________________|___________________|

Phase 4.3.1 Print Estimated Congestion | Checksum: 251ff3c0f

Time (s): cpu = 00:00:06 ; elapsed = 00:00:02 . Memory (MB): peak = 2595.590 ; gain = 24.012 ; free physical = 197 ; free virtual = 1478
Phase 4.3 Placer Reporting | Checksum: 251ff3c0f

Time (s): cpu = 00:00:06 ; elapsed = 00:00:02 . Memory (MB): peak = 2595.590 ; gain = 24.012 ; free physical = 197 ; free virtual = 1478

Phase 4.4 Final Placement Cleanup
Netlist sorting complete. Time (s): cpu = 00:00:00 ; elapsed = 00:00:00 . Memory (MB): peak = 2595.590 ; gain = 0.000 ; free physical = 197 ; free virtual = 1478

Time (s): cpu = 00:00:06 ; elapsed = 00:00:02 . Memory (MB): peak = 2595.590 ; gain = 24.012 ; free physical = 197 ; free virtual = 1478
Phase 4 Post Placement Optimization and Clean-Up | Checksum: 256d28311

Time (s): cpu = 00:00:06 ; elapsed = 00:00:02 . Memory (MB): peak = 2595.590 ; gain = 24.012 ; free physical = 197 ; free virtual = 1478
Ending Placer Task | Checksum: 176643b19

Time (s): cpu = 00:00:06 ; elapsed = 00:00:02 . Memory (MB): peak = 2595.590 ; gain = 24.012 ; free physical = 197 ; free virtual = 1478
46 Infos, 3 Warnings, 1 Critical Warnings and 0 Errors encountered.
place_design completed successfully
INFO: [Vivado 12-24838] Running report commands "report_control_sets, report_io, report_utilization" in parallel.
Running report generation with 3 threads.
INFO: [Vivado 12-24828] Executing command : report_control_sets -verbose -file main_control_sets_placed.rpt
report_control_sets: Time (s): cpu = 00:00:00.08 ; elapsed = 00:00:00.04 . Memory (MB): peak = 2595.590 ; gain = 0.000 ; free physical = 194 ; free virtual = 1476
INFO: [Vivado 12-24828] Executing command : report_utilization -file main_utilization_placed.rpt -pb main_utilization_placed.pb
INFO: [Vivado 12-24828] Executing command : report_io -file main_io_placed.rpt
report_io: Time (s): cpu = 00:00:00.15 ; elapsed = 00:00:00.12 . Memory (MB): peak = 2595.590 ; gain = 0.000 ; free physical = 197 ; free virtual = 1481
INFO: [Timing 38-480] Writing timing data to binary archive.
Write ShapeDB Complete: Time (s): cpu = 00:00:00.01 ; elapsed = 00:00:00 . Memory (MB): peak = 2595.590 ; gain = 0.000 ; free physical = 196 ; free virtual = 1479
Wrote PlaceDB: Time (s): cpu = 00:00:00.3 ; elapsed = 00:00:00.12 . Memory (MB): peak = 2595.590 ; gain = 0.000 ; free physical = 186 ; free virtual = 1474
Wrote PulsedLatchDB: Time (s): cpu = 00:00:00 ; elapsed = 00:00:00 . Memory (MB): peak = 2595.590 ; gain = 0.000 ; free physical = 186 ; free virtual = 1474
Writing XDEF routing.
Writing XDEF routing logical nets.
Writing XDEF routing special nets.
Wrote RouteStorage: Time (s): cpu = 00:00:00.01 ; elapsed = 00:00:00.01 . Memory (MB): peak = 2595.590 ; gain = 0.000 ; free physical = 186 ; free virtual = 1474
Wrote Netlist Cache: Time (s): cpu = 00:00:00 ; elapsed = 00:00:00 . Memory (MB): peak = 2595.590 ; gain = 0.000 ; free physical = 186 ; free virtual = 1474
Wrote Device Cache: Time (s): cpu = 00:00:00 ; elapsed = 00:00:00.01 . Memory (MB): peak = 2595.590 ; gain = 0.000 ; free physical = 185 ; free virtual = 1474
Write Physdb Complete: Time (s): cpu = 00:00:00.31 ; elapsed = 00:00:00.14 . Memory (MB): peak = 2595.590 ; gain = 0.000 ; free physical = 185 ; free virtual = 1474
INFO: [Common 17-1381] The checkpoint '/home/clem/Documents/GitHub/Kompilator/alume/alume.runs/impl_1/main_placed.dcp' has been generated.
Command: phys_opt_design
Attempting to get a license for feature 'Implementation' and/or device 'xc7a35t'
INFO: [Common 17-349] Got license for feature 'Implementation' and/or device 'xc7a35t'

Starting Initial Update Timing Task

Time (s): cpu = 00:00:00.12 ; elapsed = 00:00:00.09 . Memory (MB): peak = 2595.590 ; gain = 0.000 ; free physical = 174 ; free virtual = 1460
INFO: [Vivado_Tcl 4-235] No timing constraint found. The netlist was not modified.
INFO: [Common 17-83] Releasing license: Implementation
55 Infos, 3 Warnings, 1 Critical Warnings and 0 Errors encountered.
phys_opt_design completed successfully
INFO: [Timing 38-480] Writing timing data to binary archive.
Write ShapeDB Complete: Time (s): cpu = 00:00:00 ; elapsed = 00:00:00 . Memory (MB): peak = 2595.590 ; gain = 0.000 ; free physical = 173 ; free virtual = 1459
Wrote PlaceDB: Time (s): cpu = 00:00:00.27 ; elapsed = 00:00:00.12 . Memory (MB): peak = 2595.590 ; gain = 0.000 ; free physical = 155 ; free virtual = 1445
Wrote PulsedLatchDB: Time (s): cpu = 00:00:00 ; elapsed = 00:00:00 . Memory (MB): peak = 2595.590 ; gain = 0.000 ; free physical = 155 ; free virtual = 1445
Writing XDEF routing.
Writing XDEF routing logical nets.
Writing XDEF routing special nets.
Wrote RouteStorage: Time (s): cpu = 00:00:00.01 ; elapsed = 00:00:00 . Memory (MB): peak = 2595.590 ; gain = 0.000 ; free physical = 155 ; free virtual = 1445
Wrote Netlist Cache: Time (s): cpu = 00:00:00 ; elapsed = 00:00:00.01 . Memory (MB): peak = 2595.590 ; gain = 0.000 ; free physical = 154 ; free virtual = 1445
Wrote Device Cache: Time (s): cpu = 00:00:00 ; elapsed = 00:00:00 . Memory (MB): peak = 2595.590 ; gain = 0.000 ; free physical = 154 ; free virtual = 1445
Write Physdb Complete: Time (s): cpu = 00:00:00.28 ; elapsed = 00:00:00.13 . Memory (MB): peak = 2595.590 ; gain = 0.000 ; free physical = 154 ; free virtual = 1445
INFO: [Common 17-1381] The checkpoint '/home/clem/Documents/GitHub/Kompilator/alume/alume.runs/impl_1/main_physopt.dcp' has been generated.
Command: route_design
Attempting to get a license for feature 'Implementation' and/or device 'xc7a35t'
INFO: [Common 17-349] Got license for feature 'Implementation' and/or device 'xc7a35t'


Starting Routing Task
INFO: [Route 35-254] Multithreading enabled for route_design using a maximum of 8 CPUs

Phase 1 Build RT Design
Checksum: PlaceDB: 9510194c ConstDB: 0 ShapeSum: 40d2c576 RouteDB: a0815c57
Post Restoration Checksum: NetGraph: a889aa7c | NumContArr: c693ef62 | Constraints: c2a8fa9d | Timing: c2a8fa9d
Phase 1 Build RT Design | Checksum: 2f46f8f18

Time (s): cpu = 00:00:10 ; elapsed = 00:00:08 . Memory (MB): peak = 2671.848 ; gain = 76.258 ; free physical = 145 ; free virtual = 1380

Phase 2 Router Initialization
INFO: [Route 35-64] No timing constraints were detected. The router will operate in resource-optimization mode.

Phase 2.1 Fix Topology Constraints
Phase 2.1 Fix Topology Constraints | Checksum: 2f46f8f18

Time (s): cpu = 00:00:10 ; elapsed = 00:00:08 . Memory (MB): peak = 2701.848 ; gain = 106.258 ; free physical = 131 ; free virtual = 1350

Phase 2.2 Pre Route Cleanup
Phase 2.2 Pre Route Cleanup | Checksum: 2f46f8f18

Time (s): cpu = 00:00:10 ; elapsed = 00:00:08 . Memory (MB): peak = 2701.848 ; gain = 106.258 ; free physical = 131 ; free virtual = 1350
 Number of Nodes with overlaps = 0

Router Utilization Summary
  Global Vertical Routing Utilization    = 0 %
  Global Horizontal Routing Utilization  = 0 %
  Routable Net Status*
  *Does not include unroutable nets such as driverless and loadless.
  Run report_route_status for detailed report.
  Number of Failed Nets               = 3084
    (Failed Nets is the sum of unrouted and partially routed nets)
  Number of Unrouted Nets             = 3084
  Number of Partially Routed Nets     = 0
  Number of Node Overlaps             = 0

Phase 2 Router Initialization | Checksum: 305d10519

Time (s): cpu = 00:00:11 ; elapsed = 00:00:09 . Memory (MB): peak = 2722.848 ; gain = 127.258 ; free physical = 136 ; free virtual = 1326

Phase 3 Global Routing
Phase 3 Global Routing | Checksum: 305d10519

Time (s): cpu = 00:00:11 ; elapsed = 00:00:09 . Memory (MB): peak = 2722.848 ; gain = 127.258 ; free physical = 136 ; free virtual = 1326

Phase 4 Initial Routing

Phase 4.1 Initial Net Routing Pass
Phase 4.1 Initial Net Routing Pass | Checksum: 2a2dd64e4

Time (s): cpu = 00:00:12 ; elapsed = 00:00:09 . Memory (MB): peak = 2722.848 ; gain = 127.258 ; free physical = 135 ; free virtual = 1326
Phase 4 Initial Routing | Checksum: 2a2dd64e4

Time (s): cpu = 00:00:12 ; elapsed = 00:00:09 . Memory (MB): peak = 2722.848 ; gain = 127.258 ; free physical = 135 ; free virtual = 1326

Phase 5 Rip-up And Reroute

Phase 5.1 Global Iteration 0
 Number of Nodes with overlaps = 216
 Number of Nodes with overlaps = 0
Phase 5.1 Global Iteration 0 | Checksum: 33edfd311

Time (s): cpu = 00:00:13 ; elapsed = 00:00:09 . Memory (MB): peak = 2722.848 ; gain = 127.258 ; free physical = 128 ; free virtual = 1323
Phase 5 Rip-up And Reroute | Checksum: 33edfd311

Time (s): cpu = 00:00:13 ; elapsed = 00:00:09 . Memory (MB): peak = 2722.848 ; gain = 127.258 ; free physical = 127 ; free virtual = 1322

Phase 6 Delay and Skew Optimization
Phase 6 Delay and Skew Optimization | Checksum: 33edfd311

Time (s): cpu = 00:00:13 ; elapsed = 00:00:09 . Memory (MB): peak = 2722.848 ; gain = 127.258 ; free physical = 127 ; free virtual = 1322

Phase 7 Post Hold Fix

Phase 7.1 Hold Fix Iter
Phase 7.1 Hold Fix Iter | Checksum: 33edfd311

Time (s): cpu = 00:00:13 ; elapsed = 00:00:09 . Memory (MB): peak = 2722.848 ; gain = 127.258 ; free physical = 126 ; free virtual = 1322
Phase 7 Post Hold Fix | Checksum: 33edfd311

Time (s): cpu = 00:00:13 ; elapsed = 00:00:09 . Memory (MB): peak = 2722.848 ; gain = 127.258 ; free physical = 126 ; free virtual = 1321

Phase 8 Route finalize

Router Utilization Summary
  Global Vertical Routing Utilization    = 0.946185 %
  Global Horizontal Routing Utilization  = 1.23972 %
  Routable Net Status*
  *Does not include unroutable nets such as driverless and loadless.
  Run report_route_status for detailed report.
  Number of Failed Nets               = 0
    (Failed Nets is the sum of unrouted and partially routed nets)
  Number of Unrouted Nets             = 0
  Number of Partially Routed Nets     = 0
  Number of Node Overlaps             = 0


--GLOBAL Congestion:
Utilization threshold used for congestion level computation: 0.85
Congestion Report
North Dir 1x1 Area, Max Cong = 36.9369%, No Congested Regions.
South Dir 1x1 Area, Max Cong = 36.036%, No Congested Regions.
East Dir 1x1 Area, Max Cong = 42.6471%, No Congested Regions.
West Dir 1x1 Area, Max Cong = 45.5882%, No Congested Regions.

------------------------------
Reporting congestion hotspots
------------------------------
Direction: North
----------------
Congested clusters found at Level 0
Effective congestion level: 0 Aspect Ratio: 1 Sparse Ratio: 0
Direction: South
----------------
Congested clusters found at Level 0
Effective congestion level: 0 Aspect Ratio: 1 Sparse Ratio: 0
Direction: East
----------------
Congested clusters found at Level 0
Effective congestion level: 0 Aspect Ratio: 1 Sparse Ratio: 0
Direction: West
----------------
Congested clusters found at Level 0
Effective congestion level: 0 Aspect Ratio: 1 Sparse Ratio: 0

Phase 8 Route finalize | Checksum: 33edfd311

Time (s): cpu = 00:00:13 ; elapsed = 00:00:09 . Memory (MB): peak = 2722.848 ; gain = 127.258 ; free physical = 126 ; free virtual = 1321

Phase 9 Verifying routed nets

 Verification completed successfully
Phase 9 Verifying routed nets | Checksum: 33edfd311

Time (s): cpu = 00:00:13 ; elapsed = 00:00:09 . Memory (MB): peak = 2722.848 ; gain = 127.258 ; free physical = 125 ; free virtual = 1321

Phase 10 Depositing Routes
Phase 10 Depositing Routes | Checksum: 2b319b276

Time (s): cpu = 00:00:13 ; elapsed = 00:00:09 . Memory (MB): peak = 2722.848 ; gain = 127.258 ; free physical = 140 ; free virtual = 1322

Phase 11 Post Process Routing
Phase 11 Post Process Routing | Checksum: 2b319b276

Time (s): cpu = 00:00:13 ; elapsed = 00:00:09 . Memory (MB): peak = 2722.848 ; gain = 127.258 ; free physical = 140 ; free virtual = 1322
Total Elapsed time in route_design: 9.42 secs

Phase 12 Post-Route Event Processing
Phase 12 Post-Route Event Processing | Checksum: 1b37a3534

Time (s): cpu = 00:00:13 ; elapsed = 00:00:09 . Memory (MB): peak = 2722.848 ; gain = 127.258 ; free physical = 140 ; free virtual = 1322
INFO: [Route 35-16] Router Completed Successfully
Ending Routing Task | Checksum: 1b37a3534

Time (s): cpu = 00:00:13 ; elapsed = 00:00:09 . Memory (MB): peak = 2722.848 ; gain = 127.258 ; free physical = 140 ; free virtual = 1322

Routing Is Done.
INFO: [Common 17-83] Releasing license: Implementation
62 Infos, 3 Warnings, 1 Critical Warnings and 0 Errors encountered.
route_design completed successfully
route_design: Time (s): cpu = 00:00:13 ; elapsed = 00:00:10 . Memory (MB): peak = 2722.848 ; gain = 127.258 ; free physical = 138 ; free virtual = 1322
INFO: [Vivado 12-24828] Executing command : report_drc -file main_drc_routed.rpt -pb main_drc_routed.pb -rpx main_drc_routed.rpx
Command: report_drc -file main_drc_routed.rpt -pb main_drc_routed.pb -rpx main_drc_routed.rpx
INFO: [IP_Flow 19-1839] IP Catalog is up to date.
INFO: [DRC 23-27] Running DRC with 8 threads
INFO: [Vivado_Tcl 2-168] The results of DRC are in file /home/clem/Documents/GitHub/Kompilator/alume/alume.runs/impl_1/main_drc_routed.rpt.
report_drc completed successfully
INFO: [Vivado 12-24828] Executing command : report_methodology -file main_methodology_drc_routed.rpt -pb main_methodology_drc_routed.pb -rpx main_methodology_drc_routed.rpx
Command: report_methodology -file main_methodology_drc_routed.rpt -pb main_methodology_drc_routed.pb -rpx main_methodology_drc_routed.rpx
INFO: [Timing 38-35] Done setting XDC timing constraints.
INFO: [DRC 23-133] Running Methodology with 8 threads
INFO: [Vivado_Tcl 2-1520] The results of Report Methodology are in file /home/clem/Documents/GitHub/Kompilator/alume/alume.runs/impl_1/main_methodology_drc_routed.rpt.
report_methodology completed successfully
INFO: [Vivado 12-24828] Executing command : report_timing_summary -max_paths 10 -report_unconstrained -file main_timing_summary_routed.rpt -pb main_timing_summary_routed.pb -rpx main_timing_summary_routed.rpx -warn_on_violation 
INFO: [Timing 38-35] Done setting XDC timing constraints.
INFO: [Timing 38-91] UpdateTimingParams: Speed grade: -1, Delay Type: min_max.
INFO: [Timing 38-191] Multithreading enabled for timing update using a maximum of 8 CPUs
WARNING: [Timing 38-313] There are no user specified timing constraints. Timing constraints are needed for proper timing analysis.
INFO: [Vivado 12-24838] Running report commands "report_bus_skew, report_incremental_reuse, report_route_status" in parallel.
Running report generation with 3 threads.
INFO: [Vivado 12-24828] Executing command : report_route_status -file main_route_status.rpt -pb main_route_status.pb
INFO: [Vivado 12-24828] Executing command : report_incremental_reuse -file main_incremental_reuse_routed.rpt
INFO: [Vivado_Tcl 4-1062] Incremental flow is disabled. No incremental reuse Info to report.
INFO: [Vivado 12-24828] Executing command : report_bus_skew -warn_on_violation -file main_bus_skew_routed.rpt -pb main_bus_skew_routed.pb -rpx main_bus_skew_routed.rpx
INFO: [Timing 38-91] UpdateTimingParams: Speed grade: -1, Delay Type: min_max.
INFO: [Timing 38-191] Multithreading enabled for timing update using a maximum of 8 CPUs
INFO: [Vivado 12-24828] Executing command : report_power -file main_power_routed.rpt -pb main_power_summary_routed.pb -rpx main_power_routed.rpx
Command: report_power -file main_power_routed.rpt -pb main_power_summary_routed.pb -rpx main_power_routed.rpx
WARNING: [Power 33-232] No user defined clocks were found in the design! Power estimation will be inaccurate until this is corrected.
Resolution: Please specify clocks using create_clock/create_generated_clock for sequential elements. For pure combinatorial circuits, please specify a virtual clock, otherwise the vectorless estimation might be inaccurate
Running Vector-less Activity Propagation...

Finished Running Vector-less Activity Propagation
82 Infos, 5 Warnings, 1 Critical Warnings and 0 Errors encountered.
report_power completed successfully
INFO: [Vivado 12-24828] Executing command : report_clock_utilization -file main_clock_utilization_routed.rpt
generate_parallel_reports: Time (s): cpu = 00:00:21 ; elapsed = 00:00:05 . Memory (MB): peak = 2895.129 ; gain = 172.281 ; free physical = 133 ; free virtual = 1280
INFO: [Timing 38-480] Writing timing data to binary archive.
Write ShapeDB Complete: Time (s): cpu = 00:00:00 ; elapsed = 00:00:00 . Memory (MB): peak = 2895.129 ; gain = 0.000 ; free physical = 132 ; free virtual = 1279
Wrote PlaceDB: Time (s): cpu = 00:00:00.29 ; elapsed = 00:00:00.12 . Memory (MB): peak = 2895.129 ; gain = 0.000 ; free physical = 124 ; free virtual = 1275
Wrote PulsedLatchDB: Time (s): cpu = 00:00:00 ; elapsed = 00:00:00 . Memory (MB): peak = 2895.129 ; gain = 0.000 ; free physical = 124 ; free virtual = 1275
Writing XDEF routing.
Writing XDEF routing logical nets.
Writing XDEF routing special nets.
Wrote RouteStorage: Time (s): cpu = 00:00:00.05 ; elapsed = 00:00:00.03 . Memory (MB): peak = 2895.129 ; gain = 0.000 ; free physical = 143 ; free virtual = 1277
Wrote Netlist Cache: Time (s): cpu = 00:00:00 ; elapsed = 00:00:00 . Memory (MB): peak = 2895.129 ; gain = 0.000 ; free physical = 140 ; free virtual = 1275
Wrote Device Cache: Time (s): cpu = 00:00:00 ; elapsed = 00:00:00.01 . Memory (MB): peak = 2895.129 ; gain = 0.000 ; free physical = 139 ; free virtual = 1274
Write Physdb Complete: Time (s): cpu = 00:00:00.34 ; elapsed = 00:00:00.16 . Memory (MB): peak = 2895.129 ; gain = 0.000 ; free physical = 139 ; free virtual = 1274
INFO: [Common 17-1381] The checkpoint '/home/clem/Documents/GitHub/Kompilator/alume/alume.runs/impl_1/main_routed.dcp' has been generated.
INFO: [Common 17-206] Exiting Vivado at Tue May 20 18:34:12 2025...

*** Running vivado
    with args -log main.vdi -applog -m64 -product Vivado -messageDb vivado.pb -mode batch -source main.tcl -notrace


****** Vivado v2024.2 (64-bit)
  **** SW Build 5239630 on Fri Nov 08 22:34:34 MST 2024
  **** IP Build 5239520 on Sun Nov 10 16:12:51 MST 2024
  **** SharedData Build 5239561 on Fri Nov 08 14:39:27 MST 2024
  **** Start of session at: Tue May 20 18:34:30 2025
    ** Copyright 1986-2022 Xilinx, Inc. All Rights Reserved.
    ** Copyright 2022-2024 Advanced Micro Devices, Inc. All Rights Reserved.

source main.tcl -notrace
Command: open_checkpoint main_routed.dcp
INFO: [Device 21-403] Loading part xc7a35tcpg236-1
Netlist sorting complete. Time (s): cpu = 00:00:00 ; elapsed = 00:00:00.01 . Memory (MB): peak = 1427.766 ; gain = 0.000 ; free physical = 823 ; free virtual = 2527
INFO: [Netlist 29-17] Analyzing 478 Unisim elements for replacement
INFO: [Netlist 29-28] Unisim Transformation completed in 0 CPU seconds
WARNING: [Netlist 29-101] Netlist 'main' is not ideal for floorplanning, since the cellview 'banc_donnees' contains a large number of primitives.  Please consider enabling hierarchy in synthesis if you want to do floorplanning.
INFO: [Project 1-479] Netlist was created with Vivado 2024.2
INFO: [Project 1-570] Preparing netlist for logic optimization
Read ShapeDB Complete: Time (s): cpu = 00:00:00 ; elapsed = 00:00:00.01 . Memory (MB): peak = 1489.578 ; gain = 1.000 ; free physical = 744 ; free virtual = 2459
INFO: [Timing 38-478] Restoring timing data from binary archive.
INFO: [Timing 38-479] Binary timing data restore complete.
INFO: [Project 1-856] Restoring constraints from binary archive.
INFO: [Project 1-853] Binary constraint restore complete.
INFO: [Designutils 20-5722] Start Reading Physical Databases.
Reading placement.
Read Netlist Cache: Time (s): cpu = 00:00:00.01 ; elapsed = 00:00:00 . Memory (MB): peak = 2094.156 ; gain = 0.000 ; free physical = 183 ; free virtual = 1945
Reading placer database...
Read Device Cache: Time (s): cpu = 00:00:00 ; elapsed = 00:00:00.01 . Memory (MB): peak = 2094.156 ; gain = 0.000 ; free physical = 183 ; free virtual = 1945
Read PlaceDB: Time (s): cpu = 00:00:00.07 ; elapsed = 00:00:00.07 . Memory (MB): peak = 2094.156 ; gain = 0.000 ; free physical = 183 ; free virtual = 1944
Read PulsedLatchDB: Time (s): cpu = 00:00:00 ; elapsed = 00:00:00 . Memory (MB): peak = 2094.156 ; gain = 0.000 ; free physical = 183 ; free virtual = 1944
Reading routing.
Read RouteStorage: Time (s): cpu = 00:00:00.06 ; elapsed = 00:00:00.02 . Memory (MB): peak = 2094.156 ; gain = 0.000 ; free physical = 182 ; free virtual = 1943
Read Physdb Files: Time (s): cpu = 00:00:00.14 ; elapsed = 00:00:00.1 . Memory (MB): peak = 2094.156 ; gain = 0.000 ; free physical = 182 ; free virtual = 1943
Restored from archive | CPU: 0.160000 secs | Memory: 5.423775 MB |
Finished XDEF File Restore: Time (s): cpu = 00:00:00.16 ; elapsed = 00:00:00.12 . Memory (MB): peak = 2094.156 ; gain = 16.844 ; free physical = 182 ; free virtual = 1943
Netlist sorting complete. Time (s): cpu = 00:00:00 ; elapsed = 00:00:00 . Memory (MB): peak = 2094.156 ; gain = 0.000 ; free physical = 182 ; free virtual = 1943
INFO: [Project 1-111] Unisim Transformation Summary:
No Unisim elements were transformed.

INFO: [Project 1-604] Checkpoint was created with Vivado v2024.2 (64-bit) build 5239630
WARNING: [Vivado 12-23575] Critical violations of the methodology design rules detected. Critical violations may contribute to timing failures or cause functional issues in hardware. Run report_methodology for more information.
open_checkpoint: Time (s): cpu = 00:00:06 ; elapsed = 00:00:06 . Memory (MB): peak = 2094.156 ; gain = 666.414 ; free physical = 182 ; free virtual = 1943
Command: write_bitstream -force main.bit
Attempting to get a license for feature 'Implementation' and/or device 'xc7a35t'
INFO: [Common 17-349] Got license for feature 'Implementation' and/or device 'xc7a35t'
Running DRC as a precondition to command write_bitstream
INFO: [IP_Flow 19-234] Refreshing IP repositories
INFO: [IP_Flow 19-1704] No user IP repositories specified
INFO: [IP_Flow 19-2313] Loaded Vivado IP repository '/home/clem/Xilinx/Vivado/2024.2/data/ip'.
INFO: [DRC 23-27] Running DRC with 8 threads
INFO: [Vivado 12-3199] DRC finished with 0 Errors
INFO: [Vivado 12-3200] Please refer to the DRC report (report_drc) for more information.
INFO: [Designutils 20-2272] Running write_bitstream with 8 threads.
Loading data files...
Loading site data...
Loading route data...
Processing options...
Creating bitmap...
Creating bitstream...
Writing bitstream ./main.bit...
INFO: [Vivado 12-1842] Bitgen Completed Successfully.
INFO: [Project 1-1876] WebTalk data collection is mandatory when using a ULT device. To see the specific WebTalk data collected for your design, open the usage_statistics_webtalk.html or usage_statistics_webtalk.xml file in the implementation directory.
INFO: [Common 17-83] Releasing license: Implementation
23 Infos, 2 Warnings, 0 Critical Warnings and 0 Errors encountered.
write_bitstream completed successfully
write_bitstream: Time (s): cpu = 00:00:14 ; elapsed = 00:00:09 . Memory (MB): peak = 2633.543 ; gain = 539.387 ; free physical = 143 ; free virtual = 1520
INFO: [Common 17-206] Exiting Vivado at Tue May 20 18:34:48 2025...
