
*** Running vivado
    with args -log main.vds -m64 -product Vivado -mode batch -messageDb vivado.pb -notrace -source main.tcl


****** Vivado v2024.2 (64-bit)
  **** SW Build 5239630 on Fri Nov 08 22:34:34 MST 2024
  **** IP Build 5239520 on Sun Nov 10 16:12:51 MST 2024
  **** SharedData Build 5239561 on Fri Nov 08 14:39:27 MST 2024
  **** Start of session at: Mon May 19 20:10:24 2025
    ** Copyright 1986-2022 Xilinx, Inc. All Rights Reserved.
    ** Copyright 2022-2024 Advanced Micro Devices, Inc. All Rights Reserved.

source main.tcl -notrace
Command: read_checkpoint -auto_incremental -incremental /home/clem/Documents/GitHub/Kompilator/alume/alume.srcs/utils_1/imports/synth_1/ALU.dcp
INFO: [Vivado 12-5825] Read reference checkpoint from /home/clem/Documents/GitHub/Kompilator/alume/alume.srcs/utils_1/imports/synth_1/ALU.dcp for incremental synthesis
INFO: [Vivado 12-7989] Please ensure there are no constraint changes
Command: synth_design -top main -part xc7a35tcpg236-1
Starting synth_design
Attempting to get a license for feature 'Synthesis' and/or device 'xc7a35t'
INFO: [Common 17-349] Got license for feature 'Synthesis' and/or device 'xc7a35t'
INFO: [Device 21-403] Loading part xc7a35tcpg236-1
INFO: [Designutils 20-5440] No compile time benefit to using incremental synthesis; A full resynthesis will be run
INFO: [Designutils 20-4379] Flow is switching to default flow due to incremental criteria not met. If you would like to alter this behaviour and have the flow terminate instead, please set the following parameter config_implementation {autoIncr.Synth.RejectBehavior Terminate}
INFO: [Synth 8-7079] Multithreading enabled for synth_design using a maximum of 7 processes.
INFO: [Synth 8-7078] Launching helper process for spawning children vivado processes
INFO: [Synth 8-7075] Helper process launched with PID 31982
---------------------------------------------------------------------------------
Starting RTL Elaboration : Time (s): cpu = 00:00:02 ; elapsed = 00:00:03 . Memory (MB): peak = 1836.223 ; gain = 367.852 ; free physical = 463 ; free virtual = 3624
---------------------------------------------------------------------------------
INFO: [Synth 8-638] synthesizing module 'main' [/home/clem/Documents/GitHub/Kompilator/alume/alume.srcs/sources_1/new/main.vhd:16]
INFO: [Synth 8-638] synthesizing module 'pipeline' [/home/clem/Documents/GitHub/Kompilator/alume/alume.srcs/sources_1/new/pipeline.vhd:15]
INFO: [Synth 8-3491] module 'banc_instructions' declared at '/home/clem/Documents/GitHub/Kompilator/alume/alume.srcs/sources_1/new/banc_instructions.vhd:34' bound to instance 'U_banc_instructions' of component 'banc_instructions' [/home/clem/Documents/GitHub/Kompilator/alume/alume.srcs/sources_1/new/pipeline.vhd:178]
INFO: [Synth 8-638] synthesizing module 'banc_instructions' [/home/clem/Documents/GitHub/Kompilator/alume/alume.srcs/sources_1/new/banc_instructions.vhd:40]
INFO: [Synth 8-256] done synthesizing module 'banc_instructions' (0#1) [/home/clem/Documents/GitHub/Kompilator/alume/alume.srcs/sources_1/new/banc_instructions.vhd:40]
INFO: [Synth 8-3491] module 'banc_donnees' declared at '/home/clem/Documents/GitHub/Kompilator/alume/alume.srcs/sources_1/new/banc_donnees.vhd:35' bound to instance 'U_banc_donnees' of component 'banc_donnees' [/home/clem/Documents/GitHub/Kompilator/alume/alume.srcs/sources_1/new/pipeline.vhd:186]
INFO: [Synth 8-638] synthesizing module 'banc_donnees' [/home/clem/Documents/GitHub/Kompilator/alume/alume.srcs/sources_1/new/banc_donnees.vhd:44]
INFO: [Synth 8-256] done synthesizing module 'banc_donnees' (0#1) [/home/clem/Documents/GitHub/Kompilator/alume/alume.srcs/sources_1/new/banc_donnees.vhd:44]
INFO: [Synth 8-3491] module 'doubleport' declared at '/home/clem/Documents/GitHub/Kompilator/alume/alume.srcs/sources_1/new/doubleport.vhd:34' bound to instance 'U_banc_registres' of component 'doubleport' [/home/clem/Documents/GitHub/Kompilator/alume/alume.srcs/sources_1/new/pipeline.vhd:197]
INFO: [Synth 8-638] synthesizing module 'doubleport' [/home/clem/Documents/GitHub/Kompilator/alume/alume.srcs/sources_1/new/doubleport.vhd:47]
INFO: [Synth 8-256] done synthesizing module 'doubleport' (0#1) [/home/clem/Documents/GitHub/Kompilator/alume/alume.srcs/sources_1/new/doubleport.vhd:47]
INFO: [Synth 8-3491] module 'ALU' declared at '/home/clem/Documents/GitHub/Kompilator/alume/alume.srcs/sources_1/new/ALU.vhd:37' bound to instance 'U_ALU' of component 'ALU' [/home/clem/Documents/GitHub/Kompilator/alume/alume.srcs/sources_1/new/pipeline.vhd:213]
INFO: [Synth 8-638] synthesizing module 'ALU' [/home/clem/Documents/GitHub/Kompilator/alume/alume.srcs/sources_1/new/ALU.vhd:48]
INFO: [Synth 8-256] done synthesizing module 'ALU' (0#1) [/home/clem/Documents/GitHub/Kompilator/alume/alume.srcs/sources_1/new/ALU.vhd:48]
INFO: [Synth 8-256] done synthesizing module 'pipeline' (0#1) [/home/clem/Documents/GitHub/Kompilator/alume/alume.srcs/sources_1/new/pipeline.vhd:15]
INFO: [Synth 8-638] synthesizing module 'seven_seg_controller' [/home/clem/Documents/GitHub/Kompilator/alume/alume.srcs/sources_1/new/seven_seg_controller.vhd:15]
INFO: [Synth 8-226] default block is never used [/home/clem/Documents/GitHub/Kompilator/alume/alume.srcs/sources_1/new/seven_seg_controller.vhd:45]
INFO: [Synth 8-226] default block is never used [/home/clem/Documents/GitHub/Kompilator/alume/alume.srcs/sources_1/new/seven_seg_controller.vhd:53]
INFO: [Synth 8-256] done synthesizing module 'seven_seg_controller' (0#1) [/home/clem/Documents/GitHub/Kompilator/alume/alume.srcs/sources_1/new/seven_seg_controller.vhd:15]
INFO: [Synth 8-638] synthesizing module 'clock_div' [/home/clem/Documents/GitHub/Kompilator/alume/alume.srcs/sources_1/new/clock_div.vhd:35]
INFO: [Synth 8-256] done synthesizing module 'clock_div' (0#1) [/home/clem/Documents/GitHub/Kompilator/alume/alume.srcs/sources_1/new/clock_div.vhd:35]
INFO: [Synth 8-256] done synthesizing module 'main' (0#1) [/home/clem/Documents/GitHub/Kompilator/alume/alume.srcs/sources_1/new/main.vhd:16]
WARNING: [Synth 8-6014] Unused sequential element EXMEM_C_o_reg was removed.  [/home/clem/Documents/GitHub/Kompilator/alume/alume.srcs/sources_1/new/pipeline.vhd:348]
WARNING: [Synth 8-6014] Unused sequential element MEMRE_C_o_reg was removed.  [/home/clem/Documents/GitHub/Kompilator/alume/alume.srcs/sources_1/new/pipeline.vhd:353]
WARNING: [Synth 8-3936] Found unconnected internal register 'MEMRE_A_o_reg' and it is trimmed from '8' to '4' bits. [/home/clem/Documents/GitHub/Kompilator/alume/alume.srcs/sources_1/new/pipeline.vhd:276]
WARNING: [Synth 8-3848] Net pc_leds in module/entity main does not have driver. [/home/clem/Documents/GitHub/Kompilator/alume/alume.srcs/sources_1/new/main.vhd:11]
WARNING: [Synth 8-7129] Port rst in module pipeline is either unconnected or has no load
WARNING: [Synth 8-7129] Port pc_leds[6] in module main is either unconnected or has no load
WARNING: [Synth 8-7129] Port pc_leds[5] in module main is either unconnected or has no load
WARNING: [Synth 8-7129] Port pc_leds[4] in module main is either unconnected or has no load
WARNING: [Synth 8-7129] Port pc_leds[3] in module main is either unconnected or has no load
WARNING: [Synth 8-7129] Port pc_leds[2] in module main is either unconnected or has no load
WARNING: [Synth 8-7129] Port pc_leds[1] in module main is either unconnected or has no load
WARNING: [Synth 8-7129] Port pc_leds[0] in module main is either unconnected or has no load
---------------------------------------------------------------------------------
Finished RTL Elaboration : Time (s): cpu = 00:00:03 ; elapsed = 00:00:04 . Memory (MB): peak = 1955.160 ; gain = 486.789 ; free physical = 336 ; free virtual = 3499
---------------------------------------------------------------------------------
---------------------------------------------------------------------------------
Start Handling Custom Attributes
---------------------------------------------------------------------------------
---------------------------------------------------------------------------------
Finished Handling Custom Attributes : Time (s): cpu = 00:00:03 ; elapsed = 00:00:04 . Memory (MB): peak = 1967.035 ; gain = 498.664 ; free physical = 328 ; free virtual = 3491
---------------------------------------------------------------------------------
---------------------------------------------------------------------------------
Finished RTL Optimization Phase 1 : Time (s): cpu = 00:00:03 ; elapsed = 00:00:04 . Memory (MB): peak = 1967.035 ; gain = 498.664 ; free physical = 328 ; free virtual = 3491
---------------------------------------------------------------------------------
Netlist sorting complete. Time (s): cpu = 00:00:00.01 ; elapsed = 00:00:00.01 . Memory (MB): peak = 1967.035 ; gain = 0.000 ; free physical = 327 ; free virtual = 3491
INFO: [Project 1-570] Preparing netlist for logic optimization

Processing XDC Constraints
Initializing timing engine
Parsing XDC File [/home/clem/Documents/GitHub/Kompilator/alume/alume.srcs/constrs_1/new/alume.xdc]
Finished Parsing XDC File [/home/clem/Documents/GitHub/Kompilator/alume/alume.srcs/constrs_1/new/alume.xdc]
Parsing XDC File [/home/clem/Documents/GitHub/Kompilator/alume/alume.srcs/constrs_1/new/micro_contraints.xdc]
Finished Parsing XDC File [/home/clem/Documents/GitHub/Kompilator/alume/alume.srcs/constrs_1/new/micro_contraints.xdc]
INFO: [Project 1-236] Implementation specific constraints were found while reading constraint file [/home/clem/Documents/GitHub/Kompilator/alume/alume.srcs/constrs_1/new/micro_contraints.xdc]. These constraints will be ignored for synthesis but will be used in implementation. Impacted constraints are listed in the file [.Xil/main_propImpl.xdc].
Resolution: To avoid this warning, move constraints listed in [.Xil/main_propImpl.xdc] to another XDC file and exclude this new file from synthesis with the used_in_synthesis property (File Properties dialog in GUI) and re-run elaboration/synthesis.
Completed Processing XDC Constraints

Netlist sorting complete. Time (s): cpu = 00:00:00 ; elapsed = 00:00:00 . Memory (MB): peak = 2113.785 ; gain = 0.000 ; free physical = 253 ; free virtual = 3417
INFO: [Project 1-111] Unisim Transformation Summary:
No Unisim elements were transformed.

Constraint Validation Runtime : Time (s): cpu = 00:00:00 ; elapsed = 00:00:00 . Memory (MB): peak = 2113.785 ; gain = 0.000 ; free physical = 253 ; free virtual = 3417
INFO: [Designutils 20-5440] No compile time benefit to using incremental synthesis; A full resynthesis will be run
INFO: [Designutils 20-4379] Flow is switching to default flow due to incremental criteria not met. If you would like to alter this behaviour and have the flow terminate instead, please set the following parameter config_implementation {autoIncr.Synth.RejectBehavior Terminate}
---------------------------------------------------------------------------------
Finished Constraint Validation : Time (s): cpu = 00:00:07 ; elapsed = 00:00:07 . Memory (MB): peak = 2113.785 ; gain = 645.414 ; free physical = 251 ; free virtual = 3416
---------------------------------------------------------------------------------
---------------------------------------------------------------------------------
Start Loading Part and Timing Information
---------------------------------------------------------------------------------
Loading part: xc7a35tcpg236-1
---------------------------------------------------------------------------------
Finished Loading Part and Timing Information : Time (s): cpu = 00:00:07 ; elapsed = 00:00:07 . Memory (MB): peak = 2121.789 ; gain = 653.418 ; free physical = 251 ; free virtual = 3416
---------------------------------------------------------------------------------
---------------------------------------------------------------------------------
Start Applying 'set_property' XDC Constraints
---------------------------------------------------------------------------------
---------------------------------------------------------------------------------
Finished applying 'set_property' XDC Constraints : Time (s): cpu = 00:00:07 ; elapsed = 00:00:07 . Memory (MB): peak = 2121.789 ; gain = 653.418 ; free physical = 251 ; free virtual = 3416
---------------------------------------------------------------------------------
WARNING: [Synth 8-327] inferring latch for variable 'C_reg' [/home/clem/Documents/GitHub/Kompilator/alume/alume.srcs/sources_1/new/ALU.vhd:78]
---------------------------------------------------------------------------------
Finished RTL Optimization Phase 2 : Time (s): cpu = 00:00:08 ; elapsed = 00:00:08 . Memory (MB): peak = 2121.789 ; gain = 653.418 ; free physical = 252 ; free virtual = 3417
---------------------------------------------------------------------------------
---------------------------------------------------------------------------------
Start RTL Component Statistics 
---------------------------------------------------------------------------------
Detailed RTL Component Info : 
+---Adders : 
	   2 Input   10 Bit       Adders := 1     
	   3 Input    9 Bit       Adders := 1     
	   2 Input    8 Bit       Adders := 1     
+---Registers : 
	               32 Bit    Registers := 1     
	                8 Bit    Registers := 287   
	                4 Bit    Registers := 1     
	                2 Bit    Registers := 1     
	                1 Bit    Registers := 1     
+---Muxes : 
	 257 Input   32 Bit        Muxes := 1     
	   2 Input    8 Bit        Muxes := 8     
	   4 Input    4 Bit        Muxes := 2     
	   2 Input    2 Bit        Muxes := 1     
	   5 Input    2 Bit        Muxes := 1     
	   2 Input    1 Bit        Muxes := 16    
---------------------------------------------------------------------------------
Finished RTL Component Statistics 
---------------------------------------------------------------------------------
---------------------------------------------------------------------------------
Start Part Resource Summary
---------------------------------------------------------------------------------
Part Resources:
DSPs: 90 (col length:60)
BRAMs: 100 (col length: RAMB18 60 RAMB36 30)
---------------------------------------------------------------------------------
Finished Part Resource Summary
---------------------------------------------------------------------------------
---------------------------------------------------------------------------------
Start Cross Boundary and Area Optimization
---------------------------------------------------------------------------------
WARNING: [Synth 8-7080] Parallel synthesis criteria is not met
WARNING: [Synth 8-3936] Found unconnected internal register 'pipeline/LIDI_C_o_reg' and it is trimmed from '8' to '4' bits. [/home/clem/Documents/GitHub/Kompilator/alume/alume.srcs/sources_1/new/pipeline.vhd:278]
WARNING: [Synth 8-7129] Port pc_leds[6] in module main is either unconnected or has no load
WARNING: [Synth 8-7129] Port pc_leds[5] in module main is either unconnected or has no load
WARNING: [Synth 8-7129] Port pc_leds[4] in module main is either unconnected or has no load
WARNING: [Synth 8-7129] Port pc_leds[3] in module main is either unconnected or has no load
WARNING: [Synth 8-7129] Port pc_leds[2] in module main is either unconnected or has no load
WARNING: [Synth 8-7129] Port pc_leds[1] in module main is either unconnected or has no load
WARNING: [Synth 8-7129] Port pc_leds[0] in module main is either unconnected or has no load
WARNING: [Synth 8-3332] Sequential element (pipeline/U_ALU/C_reg) is unused and will be removed from module main.
---------------------------------------------------------------------------------
Finished Cross Boundary and Area Optimization : Time (s): cpu = 00:00:12 ; elapsed = 00:00:13 . Memory (MB): peak = 2121.789 ; gain = 653.418 ; free physical = 239 ; free virtual = 3413
---------------------------------------------------------------------------------
---------------------------------------------------------------------------------
Start Applying XDC Timing Constraints
---------------------------------------------------------------------------------
---------------------------------------------------------------------------------
Finished Applying XDC Timing Constraints : Time (s): cpu = 00:00:15 ; elapsed = 00:00:16 . Memory (MB): peak = 2121.789 ; gain = 653.418 ; free physical = 225 ; free virtual = 3399
---------------------------------------------------------------------------------
---------------------------------------------------------------------------------
Start Timing Optimization
---------------------------------------------------------------------------------
---------------------------------------------------------------------------------
Finished Timing Optimization : Time (s): cpu = 00:00:16 ; elapsed = 00:00:16 . Memory (MB): peak = 2121.789 ; gain = 653.418 ; free physical = 225 ; free virtual = 3399
---------------------------------------------------------------------------------
---------------------------------------------------------------------------------
Start Technology Mapping
---------------------------------------------------------------------------------
---------------------------------------------------------------------------------
Finished Technology Mapping : Time (s): cpu = 00:00:16 ; elapsed = 00:00:16 . Memory (MB): peak = 2146.820 ; gain = 678.449 ; free physical = 202 ; free virtual = 3376
---------------------------------------------------------------------------------
---------------------------------------------------------------------------------
Start IO Insertion
---------------------------------------------------------------------------------
---------------------------------------------------------------------------------
Start Flattening Before IO Insertion
---------------------------------------------------------------------------------
---------------------------------------------------------------------------------
Finished Flattening Before IO Insertion
---------------------------------------------------------------------------------
---------------------------------------------------------------------------------
Start Final Netlist Cleanup
---------------------------------------------------------------------------------
---------------------------------------------------------------------------------
Finished Final Netlist Cleanup
---------------------------------------------------------------------------------
---------------------------------------------------------------------------------
Finished IO Insertion : Time (s): cpu = 00:00:18 ; elapsed = 00:00:18 . Memory (MB): peak = 2286.633 ; gain = 818.262 ; free physical = 195 ; free virtual = 3308
---------------------------------------------------------------------------------
---------------------------------------------------------------------------------
Start Renaming Generated Instances
---------------------------------------------------------------------------------
---------------------------------------------------------------------------------
Finished Renaming Generated Instances : Time (s): cpu = 00:00:18 ; elapsed = 00:00:18 . Memory (MB): peak = 2286.633 ; gain = 818.262 ; free physical = 195 ; free virtual = 3308
---------------------------------------------------------------------------------
---------------------------------------------------------------------------------
Start Rebuilding User Hierarchy
---------------------------------------------------------------------------------
---------------------------------------------------------------------------------
Finished Rebuilding User Hierarchy : Time (s): cpu = 00:00:18 ; elapsed = 00:00:18 . Memory (MB): peak = 2286.633 ; gain = 818.262 ; free physical = 194 ; free virtual = 3307
---------------------------------------------------------------------------------
---------------------------------------------------------------------------------
Start Renaming Generated Ports
---------------------------------------------------------------------------------
---------------------------------------------------------------------------------
Finished Renaming Generated Ports : Time (s): cpu = 00:00:18 ; elapsed = 00:00:18 . Memory (MB): peak = 2286.633 ; gain = 818.262 ; free physical = 194 ; free virtual = 3307
---------------------------------------------------------------------------------
---------------------------------------------------------------------------------
Start Handling Custom Attributes
---------------------------------------------------------------------------------
---------------------------------------------------------------------------------
Finished Handling Custom Attributes : Time (s): cpu = 00:00:18 ; elapsed = 00:00:18 . Memory (MB): peak = 2286.633 ; gain = 818.262 ; free physical = 194 ; free virtual = 3307
---------------------------------------------------------------------------------
---------------------------------------------------------------------------------
Start Renaming Generated Nets
---------------------------------------------------------------------------------
---------------------------------------------------------------------------------
Finished Renaming Generated Nets : Time (s): cpu = 00:00:18 ; elapsed = 00:00:18 . Memory (MB): peak = 2286.633 ; gain = 818.262 ; free physical = 194 ; free virtual = 3307
---------------------------------------------------------------------------------
---------------------------------------------------------------------------------
Start Writing Synthesis Report
---------------------------------------------------------------------------------

Report BlackBoxes: 
+-+--------------+----------+
| |BlackBox name |Instances |
+-+--------------+----------+
+-+--------------+----------+

Report Cell Usage: 
+------+-------+------+
|      |Cell   |Count |
+------+-------+------+
|1     |BUFG   |     2|
|2     |CARRY4 |    21|
|3     |LUT1   |     3|
|4     |LUT2   |    53|
|5     |LUT3   |    12|
|6     |LUT4   |    40|
|7     |LUT5   |    49|
|8     |LUT6   |   993|
|9     |MUXF7  |   290|
|10    |MUXF8  |   136|
|11    |FDRE   |  2343|
|12    |IBUF   |     2|
|13    |OBUF   |    20|
|14    |OBUFT  |     7|
+------+-------+------+
---------------------------------------------------------------------------------
Finished Writing Synthesis Report : Time (s): cpu = 00:00:18 ; elapsed = 00:00:18 . Memory (MB): peak = 2286.633 ; gain = 818.262 ; free physical = 193 ; free virtual = 3306
---------------------------------------------------------------------------------
Synthesis finished with 0 errors, 0 critical warnings and 11 warnings.
Synthesis Optimization Runtime : Time (s): cpu = 00:00:17 ; elapsed = 00:00:17 . Memory (MB): peak = 2286.633 ; gain = 671.512 ; free physical = 193 ; free virtual = 3306
Synthesis Optimization Complete : Time (s): cpu = 00:00:18 ; elapsed = 00:00:18 . Memory (MB): peak = 2286.641 ; gain = 818.262 ; free physical = 193 ; free virtual = 3306
INFO: [Project 1-571] Translating synthesized netlist
Netlist sorting complete. Time (s): cpu = 00:00:00.02 ; elapsed = 00:00:00.01 . Memory (MB): peak = 2286.641 ; gain = 0.000 ; free physical = 361 ; free virtual = 3472
INFO: [Netlist 29-17] Analyzing 447 Unisim elements for replacement
INFO: [Netlist 29-28] Unisim Transformation completed in 0 CPU seconds
WARNING: [Netlist 29-101] Netlist 'main' is not ideal for floorplanning, since the cellview 'banc_donnees' contains a large number of primitives.  Please consider enabling hierarchy in synthesis if you want to do floorplanning.
INFO: [Project 1-570] Preparing netlist for logic optimization
INFO: [Opt 31-138] Pushed 0 inverter(s) to 0 load pin(s).
Netlist sorting complete. Time (s): cpu = 00:00:00 ; elapsed = 00:00:00 . Memory (MB): peak = 2342.660 ; gain = 0.000 ; free physical = 360 ; free virtual = 3471
INFO: [Project 1-111] Unisim Transformation Summary:
No Unisim elements were transformed.

Synth Design complete | Checksum: 5c30f384
INFO: [Common 17-83] Releasing license: Synthesis
43 Infos, 24 Warnings, 0 Critical Warnings and 0 Errors encountered.
synth_design completed successfully
synth_design: Time (s): cpu = 00:00:23 ; elapsed = 00:00:21 . Memory (MB): peak = 2342.660 ; gain = 874.301 ; free physical = 360 ; free virtual = 3471
INFO: [Common 17-2834] synth_design peak Physical Memory [PSS] (MB): overall = 1554.824; main = 1512.285; forked = 268.212
INFO: [Common 17-2834] synth_design peak Virtual Memory [VSS] (MB): overall = 3030.121; main = 2342.660; forked = 908.332
Write ShapeDB Complete: Time (s): cpu = 00:00:00 ; elapsed = 00:00:00 . Memory (MB): peak = 2366.672 ; gain = 0.000 ; free physical = 360 ; free virtual = 3471
INFO: [Common 17-1381] The checkpoint '/home/clem/Documents/GitHub/Kompilator/alume/alume.runs/synth_1/main.dcp' has been generated.
INFO: [Vivado 12-24828] Executing command : report_utilization -file main_utilization_synth.rpt -pb main_utilization_synth.pb
INFO: [Common 17-206] Exiting Vivado at Mon May 19 20:10:47 2025...
