
*** Running vivado
    with args -log main.vds -m64 -product Vivado -mode batch -messageDb vivado.pb -notrace -source main.tcl


****** Vivado v2024.2 (64-bit)
  **** SW Build 5239630 on Fri Nov 08 22:34:34 MST 2024
  **** IP Build 5239520 on Sun Nov 10 16:12:51 MST 2024
  **** SharedData Build 5239561 on Fri Nov 08 14:39:27 MST 2024
  **** Start of session at: Sun May 18 02:32:57 2025
    ** Copyright 1986-2022 Xilinx, Inc. All Rights Reserved.
    ** Copyright 2022-2024 Advanced Micro Devices, Inc. All Rights Reserved.

source main.tcl -notrace
Command: read_checkpoint -auto_incremental -incremental /home/clem/Documents/GitHub/Kompilator/alume/alume.srcs/utils_1/imports/synth_1/ALU.dcp
INFO: [Vivado 12-5825] Read reference checkpoint from /home/clem/Documents/GitHub/Kompilator/alume/alume.srcs/utils_1/imports/synth_1/ALU.dcp for incremental synthesis
INFO: [Vivado 12-7989] Please ensure there are no constraint changes
Command: synth_design -top main -part xc7a35tcpg236-1
Starting synth_design
Attempting to get a license for feature 'Synthesis' and/or device 'xc7a35t'
INFO: [Common 17-349] Got license for feature 'Synthesis' and/or device 'xc7a35t'
INFO: [Device 21-403] Loading part xc7a35tcpg236-1
INFO: [Designutils 20-5440] No compile time benefit to using incremental synthesis; A full resynthesis will be run
INFO: [Designutils 20-4379] Flow is switching to default flow due to incremental criteria not met. If you would like to alter this behaviour and have the flow terminate instead, please set the following parameter config_implementation {autoIncr.Synth.RejectBehavior Terminate}
INFO: [Synth 8-7079] Multithreading enabled for synth_design using a maximum of 7 processes.
INFO: [Synth 8-7078] Launching helper process for spawning children vivado processes
INFO: [Synth 8-7075] Helper process launched with PID 487035
---------------------------------------------------------------------------------
Starting RTL Elaboration : Time (s): cpu = 00:00:03 ; elapsed = 00:00:03 . Memory (MB): peak = 1836.090 ; gain = 401.852 ; free physical = 313 ; free virtual = 1864
---------------------------------------------------------------------------------
INFO: [Synth 8-638] synthesizing module 'main' [/home/clem/Documents/GitHub/Kompilator/alume/alume.srcs/sources_1/new/main.vhd:16]
INFO: [Synth 8-638] synthesizing module 'pipeline' [/home/clem/Documents/GitHub/Kompilator/alume/alume.srcs/sources_1/new/pipeline.vhd:14]
INFO: [Synth 8-3491] module 'banc_instructions' declared at '/home/clem/Documents/GitHub/Kompilator/alume/alume.srcs/sources_1/new/banc_instructions.vhd:34' bound to instance 'U_banc_instructions' of component 'banc_instructions' [/home/clem/Documents/GitHub/Kompilator/alume/alume.srcs/sources_1/new/pipeline.vhd:174]
INFO: [Synth 8-638] synthesizing module 'banc_instructions' [/home/clem/Documents/GitHub/Kompilator/alume/alume.srcs/sources_1/new/banc_instructions.vhd:40]
INFO: [Synth 8-256] done synthesizing module 'banc_instructions' (0#1) [/home/clem/Documents/GitHub/Kompilator/alume/alume.srcs/sources_1/new/banc_instructions.vhd:40]
INFO: [Synth 8-3491] module 'banc_donnees' declared at '/home/clem/Documents/GitHub/Kompilator/alume/alume.srcs/sources_1/new/banc_donnees.vhd:35' bound to instance 'U_banc_donnees' of component 'banc_donnees' [/home/clem/Documents/GitHub/Kompilator/alume/alume.srcs/sources_1/new/pipeline.vhd:182]
INFO: [Synth 8-638] synthesizing module 'banc_donnees' [/home/clem/Documents/GitHub/Kompilator/alume/alume.srcs/sources_1/new/banc_donnees.vhd:44]
INFO: [Synth 8-256] done synthesizing module 'banc_donnees' (0#1) [/home/clem/Documents/GitHub/Kompilator/alume/alume.srcs/sources_1/new/banc_donnees.vhd:44]
INFO: [Synth 8-3491] module 'doubleport' declared at '/home/clem/Documents/GitHub/Kompilator/alume/alume.srcs/sources_1/new/doubleport.vhd:34' bound to instance 'U_banc_registres' of component 'doubleport' [/home/clem/Documents/GitHub/Kompilator/alume/alume.srcs/sources_1/new/pipeline.vhd:193]
INFO: [Synth 8-638] synthesizing module 'doubleport' [/home/clem/Documents/GitHub/Kompilator/alume/alume.srcs/sources_1/new/doubleport.vhd:46]
INFO: [Synth 8-256] done synthesizing module 'doubleport' (0#1) [/home/clem/Documents/GitHub/Kompilator/alume/alume.srcs/sources_1/new/doubleport.vhd:46]
INFO: [Synth 8-3491] module 'ALU' declared at '/home/clem/Documents/GitHub/Kompilator/alume/alume.srcs/sources_1/new/ALU.vhd:37' bound to instance 'U_ALU' of component 'ALU' [/home/clem/Documents/GitHub/Kompilator/alume/alume.srcs/sources_1/new/pipeline.vhd:208]
INFO: [Synth 8-638] synthesizing module 'ALU' [/home/clem/Documents/GitHub/Kompilator/alume/alume.srcs/sources_1/new/ALU.vhd:48]
INFO: [Synth 8-256] done synthesizing module 'ALU' (0#1) [/home/clem/Documents/GitHub/Kompilator/alume/alume.srcs/sources_1/new/ALU.vhd:48]
INFO: [Synth 8-256] done synthesizing module 'pipeline' (0#1) [/home/clem/Documents/GitHub/Kompilator/alume/alume.srcs/sources_1/new/pipeline.vhd:14]
INFO: [Synth 8-638] synthesizing module 'seven_seg_controller' [/home/clem/Documents/GitHub/Kompilator/alume/alume.srcs/sources_1/new/seven_seg_controller.vhd:15]
INFO: [Synth 8-226] default block is never used [/home/clem/Documents/GitHub/Kompilator/alume/alume.srcs/sources_1/new/seven_seg_controller.vhd:45]
INFO: [Synth 8-226] default block is never used [/home/clem/Documents/GitHub/Kompilator/alume/alume.srcs/sources_1/new/seven_seg_controller.vhd:53]
INFO: [Synth 8-256] done synthesizing module 'seven_seg_controller' (0#1) [/home/clem/Documents/GitHub/Kompilator/alume/alume.srcs/sources_1/new/seven_seg_controller.vhd:15]
INFO: [Synth 8-638] synthesizing module 'clock_div' [/home/clem/Documents/GitHub/Kompilator/alume/alume.srcs/sources_1/new/clock_div.vhd:35]
INFO: [Synth 8-256] done synthesizing module 'clock_div' (0#1) [/home/clem/Documents/GitHub/Kompilator/alume/alume.srcs/sources_1/new/clock_div.vhd:35]
INFO: [Synth 8-256] done synthesizing module 'main' (0#1) [/home/clem/Documents/GitHub/Kompilator/alume/alume.srcs/sources_1/new/main.vhd:16]
WARNING: [Synth 8-6014] Unused sequential element EXMEM_C_o_reg was removed.  [/home/clem/Documents/GitHub/Kompilator/alume/alume.srcs/sources_1/new/pipeline.vhd:336]
WARNING: [Synth 8-6014] Unused sequential element MEMRE_C_o_reg was removed.  [/home/clem/Documents/GitHub/Kompilator/alume/alume.srcs/sources_1/new/pipeline.vhd:341]
WARNING: [Synth 8-3936] Found unconnected internal register 'MEMRE_A_o_reg' and it is trimmed from '8' to '4' bits. [/home/clem/Documents/GitHub/Kompilator/alume/alume.srcs/sources_1/new/pipeline.vhd:271]
WARNING: [Synth 8-7129] Port rst in module pipeline is either unconnected or has no load
---------------------------------------------------------------------------------
Finished RTL Elaboration : Time (s): cpu = 00:00:03 ; elapsed = 00:00:04 . Memory (MB): peak = 1955.059 ; gain = 520.820 ; free physical = 180 ; free virtual = 1734
---------------------------------------------------------------------------------
---------------------------------------------------------------------------------
Start Handling Custom Attributes
---------------------------------------------------------------------------------
---------------------------------------------------------------------------------
Finished Handling Custom Attributes : Time (s): cpu = 00:00:04 ; elapsed = 00:00:04 . Memory (MB): peak = 1969.902 ; gain = 535.664 ; free physical = 168 ; free virtual = 1723
---------------------------------------------------------------------------------
---------------------------------------------------------------------------------
Finished RTL Optimization Phase 1 : Time (s): cpu = 00:00:04 ; elapsed = 00:00:04 . Memory (MB): peak = 1969.902 ; gain = 535.664 ; free physical = 168 ; free virtual = 1723
---------------------------------------------------------------------------------
Netlist sorting complete. Time (s): cpu = 00:00:00.01 ; elapsed = 00:00:00.01 . Memory (MB): peak = 1969.902 ; gain = 0.000 ; free physical = 168 ; free virtual = 1723
INFO: [Project 1-570] Preparing netlist for logic optimization

Processing XDC Constraints
Initializing timing engine
Parsing XDC File [/home/clem/Documents/GitHub/Kompilator/alume/alume.srcs/constrs_1/new/alume.xdc]
Finished Parsing XDC File [/home/clem/Documents/GitHub/Kompilator/alume/alume.srcs/constrs_1/new/alume.xdc]
Parsing XDC File [/home/clem/Documents/GitHub/Kompilator/alume/alume.srcs/constrs_1/new/micro_contraints.xdc]
Finished Parsing XDC File [/home/clem/Documents/GitHub/Kompilator/alume/alume.srcs/constrs_1/new/micro_contraints.xdc]
INFO: [Project 1-236] Implementation specific constraints were found while reading constraint file [/home/clem/Documents/GitHub/Kompilator/alume/alume.srcs/constrs_1/new/micro_contraints.xdc]. These constraints will be ignored for synthesis but will be used in implementation. Impacted constraints are listed in the file [.Xil/main_propImpl.xdc].
Resolution: To avoid this warning, move constraints listed in [.Xil/main_propImpl.xdc] to another XDC file and exclude this new file from synthesis with the used_in_synthesis property (File Properties dialog in GUI) and re-run elaboration/synthesis.
Completed Processing XDC Constraints

Netlist sorting complete. Time (s): cpu = 00:00:00 ; elapsed = 00:00:00 . Memory (MB): peak = 2118.652 ; gain = 0.000 ; free physical = 146 ; free virtual = 1700
INFO: [Project 1-111] Unisim Transformation Summary:
No Unisim elements were transformed.

Constraint Validation Runtime : Time (s): cpu = 00:00:00.01 ; elapsed = 00:00:00.01 . Memory (MB): peak = 2118.652 ; gain = 0.000 ; free physical = 146 ; free virtual = 1700
INFO: [Designutils 20-5440] No compile time benefit to using incremental synthesis; A full resynthesis will be run
INFO: [Designutils 20-4379] Flow is switching to default flow due to incremental criteria not met. If you would like to alter this behaviour and have the flow terminate instead, please set the following parameter config_implementation {autoIncr.Synth.RejectBehavior Terminate}
---------------------------------------------------------------------------------
Finished Constraint Validation : Time (s): cpu = 00:00:07 ; elapsed = 00:00:08 . Memory (MB): peak = 2118.652 ; gain = 684.414 ; free physical = 145 ; free virtual = 1699
---------------------------------------------------------------------------------
---------------------------------------------------------------------------------
Start Loading Part and Timing Information
---------------------------------------------------------------------------------
Loading part: xc7a35tcpg236-1
---------------------------------------------------------------------------------
Finished Loading Part and Timing Information : Time (s): cpu = 00:00:07 ; elapsed = 00:00:08 . Memory (MB): peak = 2126.656 ; gain = 692.418 ; free physical = 145 ; free virtual = 1699
---------------------------------------------------------------------------------
---------------------------------------------------------------------------------
Start Applying 'set_property' XDC Constraints
---------------------------------------------------------------------------------
---------------------------------------------------------------------------------
Finished applying 'set_property' XDC Constraints : Time (s): cpu = 00:00:07 ; elapsed = 00:00:08 . Memory (MB): peak = 2126.656 ; gain = 692.418 ; free physical = 144 ; free virtual = 1699
---------------------------------------------------------------------------------
WARNING: [Synth 8-327] inferring latch for variable 'C_reg' [/home/clem/Documents/GitHub/Kompilator/alume/alume.srcs/sources_1/new/ALU.vhd:78]
---------------------------------------------------------------------------------
Finished RTL Optimization Phase 2 : Time (s): cpu = 00:00:08 ; elapsed = 00:00:09 . Memory (MB): peak = 2126.656 ; gain = 692.418 ; free physical = 144 ; free virtual = 1701
---------------------------------------------------------------------------------
---------------------------------------------------------------------------------
Start RTL Component Statistics 
---------------------------------------------------------------------------------
Detailed RTL Component Info : 
+---Adders : 
	   2 Input   10 Bit       Adders := 1     
	   3 Input    9 Bit       Adders := 1     
	   2 Input    8 Bit       Adders := 1     
+---Registers : 
	               32 Bit    Registers := 1     
	                8 Bit    Registers := 287   
	                4 Bit    Registers := 1     
	                2 Bit    Registers := 1     
	                1 Bit    Registers := 1     
+---Muxes : 
	 257 Input   32 Bit        Muxes := 1     
	   2 Input    8 Bit        Muxes := 8     
	   4 Input    4 Bit        Muxes := 2     
	   2 Input    2 Bit        Muxes := 1     
	   5 Input    2 Bit        Muxes := 1     
	   2 Input    1 Bit        Muxes := 16    
---------------------------------------------------------------------------------
Finished RTL Component Statistics 
---------------------------------------------------------------------------------
---------------------------------------------------------------------------------
Start Part Resource Summary
---------------------------------------------------------------------------------
Part Resources:
DSPs: 90 (col length:60)
BRAMs: 100 (col length: RAMB18 60 RAMB36 30)
---------------------------------------------------------------------------------
Finished Part Resource Summary
---------------------------------------------------------------------------------
---------------------------------------------------------------------------------
Start Cross Boundary and Area Optimization
---------------------------------------------------------------------------------
WARNING: [Synth 8-7080] Parallel synthesis criteria is not met
WARNING: [Synth 8-3936] Found unconnected internal register 'pipeline/LIDI_C_o_reg' and it is trimmed from '8' to '4' bits. [/home/clem/Documents/GitHub/Kompilator/alume/alume.srcs/sources_1/new/pipeline.vhd:273]
WARNING: [Synth 8-3332] Sequential element (pipeline/U_ALU/C_reg) is unused and will be removed from module main.
---------------------------------------------------------------------------------
Finished Cross Boundary and Area Optimization : Time (s): cpu = 00:00:10 ; elapsed = 00:00:11 . Memory (MB): peak = 2126.656 ; gain = 692.418 ; free physical = 127 ; free virtual = 1692
---------------------------------------------------------------------------------
---------------------------------------------------------------------------------
Start Applying XDC Timing Constraints
---------------------------------------------------------------------------------
---------------------------------------------------------------------------------
Finished Applying XDC Timing Constraints : Time (s): cpu = 00:00:14 ; elapsed = 00:00:14 . Memory (MB): peak = 2126.656 ; gain = 692.418 ; free physical = 141 ; free virtual = 1649
---------------------------------------------------------------------------------
---------------------------------------------------------------------------------
Start Timing Optimization
---------------------------------------------------------------------------------
---------------------------------------------------------------------------------
Finished Timing Optimization : Time (s): cpu = 00:00:14 ; elapsed = 00:00:14 . Memory (MB): peak = 2126.656 ; gain = 692.418 ; free physical = 141 ; free virtual = 1649
---------------------------------------------------------------------------------
---------------------------------------------------------------------------------
Start Technology Mapping
---------------------------------------------------------------------------------
---------------------------------------------------------------------------------
Finished Technology Mapping : Time (s): cpu = 00:00:14 ; elapsed = 00:00:14 . Memory (MB): peak = 2142.672 ; gain = 708.434 ; free physical = 142 ; free virtual = 1631
---------------------------------------------------------------------------------
---------------------------------------------------------------------------------
Start IO Insertion
---------------------------------------------------------------------------------
---------------------------------------------------------------------------------
Start Flattening Before IO Insertion
---------------------------------------------------------------------------------
---------------------------------------------------------------------------------
Finished Flattening Before IO Insertion
---------------------------------------------------------------------------------
---------------------------------------------------------------------------------
Start Final Netlist Cleanup
---------------------------------------------------------------------------------
---------------------------------------------------------------------------------
Finished Final Netlist Cleanup
---------------------------------------------------------------------------------
---------------------------------------------------------------------------------
Finished IO Insertion : Time (s): cpu = 00:00:15 ; elapsed = 00:00:15 . Memory (MB): peak = 2279.484 ; gain = 845.246 ; free physical = 134 ; free virtual = 1510
---------------------------------------------------------------------------------
---------------------------------------------------------------------------------
Start Renaming Generated Instances
---------------------------------------------------------------------------------
---------------------------------------------------------------------------------
Finished Renaming Generated Instances : Time (s): cpu = 00:00:15 ; elapsed = 00:00:15 . Memory (MB): peak = 2279.484 ; gain = 845.246 ; free physical = 134 ; free virtual = 1510
---------------------------------------------------------------------------------
---------------------------------------------------------------------------------
Start Rebuilding User Hierarchy
---------------------------------------------------------------------------------
---------------------------------------------------------------------------------
Finished Rebuilding User Hierarchy : Time (s): cpu = 00:00:15 ; elapsed = 00:00:15 . Memory (MB): peak = 2279.484 ; gain = 845.246 ; free physical = 134 ; free virtual = 1510
---------------------------------------------------------------------------------
---------------------------------------------------------------------------------
Start Renaming Generated Ports
---------------------------------------------------------------------------------
---------------------------------------------------------------------------------
Finished Renaming Generated Ports : Time (s): cpu = 00:00:15 ; elapsed = 00:00:15 . Memory (MB): peak = 2279.484 ; gain = 845.246 ; free physical = 134 ; free virtual = 1510
---------------------------------------------------------------------------------
---------------------------------------------------------------------------------
Start Handling Custom Attributes
---------------------------------------------------------------------------------
---------------------------------------------------------------------------------
Finished Handling Custom Attributes : Time (s): cpu = 00:00:15 ; elapsed = 00:00:15 . Memory (MB): peak = 2279.484 ; gain = 845.246 ; free physical = 134 ; free virtual = 1510
---------------------------------------------------------------------------------
---------------------------------------------------------------------------------
Start Renaming Generated Nets
---------------------------------------------------------------------------------
---------------------------------------------------------------------------------
Finished Renaming Generated Nets : Time (s): cpu = 00:00:15 ; elapsed = 00:00:15 . Memory (MB): peak = 2279.484 ; gain = 845.246 ; free physical = 134 ; free virtual = 1510
---------------------------------------------------------------------------------
---------------------------------------------------------------------------------
Start Writing Synthesis Report
---------------------------------------------------------------------------------

Report BlackBoxes: 
+-+--------------+----------+
| |BlackBox name |Instances |
+-+--------------+----------+
+-+--------------+----------+

Report Cell Usage: 
+------+-------+------+
|      |Cell   |Count |
+------+-------+------+
|1     |BUFG   |     2|
|2     |CARRY4 |    21|
|3     |LUT1   |    15|
|4     |LUT2   |    45|
|5     |LUT3   |     4|
|6     |LUT4   |    31|
|7     |LUT5   |    17|
|8     |LUT6   |    63|
|9     |FDRE   |   144|
|10    |IBUF   |     2|
|11    |OBUF   |    16|
|12    |OBUFT  |    11|
+------+-------+------+
---------------------------------------------------------------------------------
Finished Writing Synthesis Report : Time (s): cpu = 00:00:15 ; elapsed = 00:00:15 . Memory (MB): peak = 2279.484 ; gain = 845.246 ; free physical = 134 ; free virtual = 1510
---------------------------------------------------------------------------------
Synthesis finished with 0 errors, 0 critical warnings and 4 warnings.
Synthesis Optimization Runtime : Time (s): cpu = 00:00:14 ; elapsed = 00:00:15 . Memory (MB): peak = 2279.484 ; gain = 696.496 ; free physical = 133 ; free virtual = 1509
Synthesis Optimization Complete : Time (s): cpu = 00:00:15 ; elapsed = 00:00:16 . Memory (MB): peak = 2279.492 ; gain = 845.246 ; free physical = 132 ; free virtual = 1509
INFO: [Project 1-571] Translating synthesized netlist
Netlist sorting complete. Time (s): cpu = 00:00:00 ; elapsed = 00:00:00 . Memory (MB): peak = 2279.492 ; gain = 0.000 ; free physical = 127 ; free virtual = 1507
INFO: [Netlist 29-17] Analyzing 21 Unisim elements for replacement
INFO: [Netlist 29-28] Unisim Transformation completed in 0 CPU seconds
INFO: [Project 1-570] Preparing netlist for logic optimization
INFO: [Opt 31-138] Pushed 0 inverter(s) to 0 load pin(s).
Netlist sorting complete. Time (s): cpu = 00:00:00 ; elapsed = 00:00:00 . Memory (MB): peak = 2335.512 ; gain = 0.000 ; free physical = 297 ; free virtual = 1673
INFO: [Project 1-111] Unisim Transformation Summary:
No Unisim elements were transformed.

Synth Design complete | Checksum: e45e0b97
INFO: [Common 17-83] Releasing license: Synthesis
43 Infos, 8 Warnings, 0 Critical Warnings and 0 Errors encountered.
synth_design completed successfully
synth_design: Time (s): cpu = 00:00:20 ; elapsed = 00:00:19 . Memory (MB): peak = 2335.512 ; gain = 901.285 ; free physical = 296 ; free virtual = 1673
INFO: [Common 17-2834] synth_design peak Physical Memory [PSS] (MB): overall = 1680.018; main = 1680.018; forked = 316.716
INFO: [Common 17-2834] synth_design peak Virtual Memory [VSS] (MB): overall = 3034.988; main = 2335.512; forked = 908.332
Write ShapeDB Complete: Time (s): cpu = 00:00:00 ; elapsed = 00:00:00 . Memory (MB): peak = 2359.523 ; gain = 0.000 ; free physical = 296 ; free virtual = 1673
INFO: [Common 17-1381] The checkpoint '/home/clem/Documents/GitHub/Kompilator/alume/alume.runs/synth_1/main.dcp' has been generated.
INFO: [Vivado 12-24828] Executing command : report_utilization -file main_utilization_synth.rpt -pb main_utilization_synth.pb
INFO: [Common 17-206] Exiting Vivado at Sun May 18 02:33:18 2025...
