#-----------------------------------------------------------
# Vivado v2024.2 (64-bit)
# SW Build 5239630 on Fri Nov 08 22:34:34 MST 2024
# IP Build 5239520 on Sun Nov 10 16:12:51 MST 2024
# SharedData Build 5239561 on Fri Nov 08 14:39:27 MST 2024
# Start of session at: Mon May 12 18:37:19 2025
# Process ID         : 11675
# Current directory  : /home/clem/Documents/GitHub/Kompilator/u_controleur/ALUME
# Command line       : vivado
# Log file           : /home/clem/Documents/GitHub/Kompilator/u_controleur/ALUME/vivado.log
# Journal file       : /home/clem/Documents/GitHub/Kompilator/u_controleur/ALUME/vivado.jou
# Running On         : maskass
# Platform           : Debian
# Operating System   : Debian GNU/Linux 12 (bookworm)
# Processor Detail   : 12th Gen Intel(R) Core(TM) i5-1235U
# CPU Frequency      : 4042.986 MHz
# CPU Physical cores : 10
# CPU Logical cores  : 12
# Host memory        : 8005 MB
# Swap memory        : 1023 MB
# Total Virtual      : 9029 MB
# Available Virtual  : 6156 MB
#-----------------------------------------------------------
start_gui
open_project /home/clem/Documents/GitHub/Kompilator/u_controleur/ALUME/ALUME.xpr
INFO: [filemgmt 56-3] Default IP Output Path : Could not find the directory '/home/clem/Documents/GitHub/Kompilator/u_controleur/ALUME/ALUME.gen/sources_1'.
Scanning sources...
Finished scanning sources
INFO: [IP_Flow 19-234] Refreshing IP repositories
INFO: [IP_Flow 19-1704] No user IP repositories specified
INFO: [IP_Flow 19-2313] Loaded Vivado IP repository '/home/clem/Xilinx/Vivado/2024.2/data/ip'.
update_compile_order -fileset sources_1
set_property SOURCE_SET sources_1 [get_filesets sim_1]
add_files -fileset sim_1 -norecurse /home/clem/Downloads/seven_seg_controller.vhd
update_compile_order -fileset sim_1
export_ip_user_files -of_objects  [get_files /home/clem/Downloads/seven_seg_controller.vhd] -no_script -reset -force -quiet
remove_files  -fileset sim_1 /home/clem/Downloads/seven_seg_controller.vhd
add_files -norecurse /home/clem/Downloads/seven_seg_controller.vhd
update_compile_order -fileset sources_1
add_files -fileset constrs_1 -norecurse /home/clem/Downloads/micro_contraints.xdc
exit
INFO: [Common 17-206] Exiting Vivado at Mon May 12 18:39:56 2025...
